2022-01-21 12:50:07,318 INFO  Logger.cs: 70 - 
--------------------------------------------------------------------------------
2022-01-21 12:50:07,338 INFO  Logger.cs: 71 - Logging commencing for SW2URDF exporter
2022-01-21 12:50:07,339 INFO  Logger.cs: 73 - Commit version 1.6.0-1-g15f4949
2022-01-21 12:50:07,340 INFO  Logger.cs: 74 - Build version 1.6.7594.29634
2022-01-21 12:50:07,342 INFO  SwAddin.cs: 192 - Attempting to connect to SW
2022-01-21 12:50:07,342 INFO  SwAddin.cs: 197 - Setting up callbacks
2022-01-21 12:50:07,343 INFO  SwAddin.cs: 201 - Setting up command manager
2022-01-21 12:50:07,343 INFO  SwAddin.cs: 204 - Adding command manager
2022-01-21 12:50:07,345 INFO  SwAddin.cs: 263 - Adding Assembly export to file menu
2022-01-21 12:50:07,347 INFO  SwAddin.cs: 272 - Adding Part export to file menu
2022-01-21 12:50:07,347 INFO  SwAddin.cs: 210 - Adding event handlers
2022-01-21 12:50:07,350 INFO  SwAddin.cs: 217 - Connecting plugin to SolidWorks
2022-01-21 13:01:41,180 INFO  SwAddin.cs: 294 - Assembly export called for file Boat_FINAL.SLDASM
2022-01-21 13:01:45,397 INFO  SwAddin.cs: 313 - Saving assembly
2022-01-21 13:01:46,123 INFO  SwAddin.cs: 316 - Opening property manager
2022-01-21 13:01:46,133 INFO  ExportHelperExtension.cs: 1125 - Retrieving features of type [CoordSys] from Boat_FINAL.SLDASM
2022-01-21 13:01:46,139 INFO  ExportHelperExtension.cs: 1136 - Found 170 in Boat_FINAL.SLDASM
2022-01-21 13:01:46,140 INFO  ExportHelperExtension.cs: 1145 - Found 1 features of type [CoordSys] in Boat_FINAL.SLDASM
2022-01-21 13:01:46,141 INFO  ExportHelperExtension.cs: 1148 - Proceeding through assembly components
2022-01-21 13:01:46,142 INFO  ExportHelperExtension.cs: 1160 - 34 components to check
2022-01-21 13:01:46,143 INFO  ExportHelperExtension.cs: 1125 - Retrieving features of type [CoordSys] from Pontoon-5
2022-01-21 13:01:46,144 INFO  ExportHelperExtension.cs: 1136 - Found 27 in Pontoon-5
2022-01-21 13:01:46,144 INFO  ExportHelperExtension.cs: 1145 - Found 0 features of type [CoordSys] in Pontoon-5
2022-01-21 13:01:46,144 INFO  ExportHelperExtension.cs: 1125 - Retrieving features of type [CoordSys] from Cone-1
2022-01-21 13:01:46,145 INFO  ExportHelperExtension.cs: 1136 - Found 30 in Cone-1
2022-01-21 13:01:46,145 INFO  ExportHelperExtension.cs: 1145 - Found 0 features of type [CoordSys] in Cone-1
2022-01-21 13:01:46,146 INFO  ExportHelperExtension.cs: 1125 - Retrieving features of type [CoordSys] from How_Tall_Pipe-3
2022-01-21 13:01:46,146 INFO  ExportHelperExtension.cs: 1136 - Found 25 in How_Tall_Pipe-3
2022-01-21 13:01:46,146 INFO  ExportHelperExtension.cs: 1145 - Found 0 features of type [CoordSys] in How_Tall_Pipe-3
2022-01-21 13:01:46,147 INFO  ExportHelperExtension.cs: 1125 - Retrieving features of type [CoordSys] from How_Tall_Pipe-4
2022-01-21 13:01:46,147 INFO  ExportHelperExtension.cs: 1136 - Found 25 in How_Tall_Pipe-4
2022-01-21 13:01:46,147 INFO  ExportHelperExtension.cs: 1145 - Found 0 features of type [CoordSys] in How_Tall_Pipe-4
2022-01-21 13:01:46,148 INFO  ExportHelperExtension.cs: 1125 - Retrieving features of type [CoordSys] from Pipe_Between-2
2022-01-21 13:01:46,148 INFO  ExportHelperExtension.cs: 1136 - Found 27 in Pipe_Between-2
2022-01-21 13:01:46,149 INFO  ExportHelperExtension.cs: 1145 - Found 0 features of type [CoordSys] in Pipe_Between-2
2022-01-21 13:01:46,149 INFO  ExportHelperExtension.cs: 1125 - Retrieving features of type [CoordSys] from How_Tall_Pipe-2
2022-01-21 13:01:46,149 INFO  ExportHelperExtension.cs: 1136 - Found 25 in How_Tall_Pipe-2
2022-01-21 13:01:46,149 INFO  ExportHelperExtension.cs: 1145 - Found 0 features of type [CoordSys] in How_Tall_Pipe-2
2022-01-21 13:01:46,150 INFO  ExportHelperExtension.cs: 1125 - Retrieving features of type [CoordSys] from 5_long_bends-6
2022-01-21 13:01:46,150 INFO  ExportHelperExtension.cs: 1136 - Found 27 in 5_long_bends-6
2022-01-21 13:01:46,150 INFO  ExportHelperExtension.cs: 1145 - Found 0 features of type [CoordSys] in 5_long_bends-6
2022-01-21 13:01:46,151 INFO  ExportHelperExtension.cs: 1125 - Retrieving features of type [CoordSys] from Pipe_Between-1
2022-01-21 13:01:46,151 INFO  ExportHelperExtension.cs: 1136 - Found 27 in Pipe_Between-1
2022-01-21 13:01:46,151 INFO  ExportHelperExtension.cs: 1145 - Found 0 features of type [CoordSys] in Pipe_Between-1
2022-01-21 13:01:46,152 INFO  ExportHelperExtension.cs: 1125 - Retrieving features of type [CoordSys] from small_pipes-3
2022-01-21 13:01:46,152 INFO  ExportHelperExtension.cs: 1136 - Found 25 in small_pipes-3
2022-01-21 13:01:46,152 INFO  ExportHelperExtension.cs: 1145 - Found 0 features of type [CoordSys] in small_pipes-3
2022-01-21 13:01:46,153 INFO  ExportHelperExtension.cs: 1125 - Retrieving features of type [CoordSys] from 5_long_bends-7
2022-01-21 13:01:46,153 INFO  ExportHelperExtension.cs: 1136 - Found 27 in 5_long_bends-7
2022-01-21 13:01:46,153 INFO  ExportHelperExtension.cs: 1145 - Found 0 features of type [CoordSys] in 5_long_bends-7
2022-01-21 13:01:46,154 INFO  ExportHelperExtension.cs: 1125 - Retrieving features of type [CoordSys] from End_Cap-2
2022-01-21 13:01:46,154 INFO  ExportHelperExtension.cs: 1136 - Found 37 in End_Cap-2
2022-01-21 13:01:46,154 INFO  ExportHelperExtension.cs: 1145 - Found 0 features of type [CoordSys] in End_Cap-2
2022-01-21 13:01:46,155 INFO  ExportHelperExtension.cs: 1125 - Retrieving features of type [CoordSys] from Fin-1
2022-01-21 13:01:46,155 INFO  ExportHelperExtension.cs: 1136 - Found 29 in Fin-1
2022-01-21 13:01:46,155 INFO  ExportHelperExtension.cs: 1145 - Found 0 features of type [CoordSys] in Fin-1
2022-01-21 13:01:46,156 INFO  ExportHelperExtension.cs: 1125 - Retrieving features of type [CoordSys] from Fin-2
2022-01-21 13:01:46,156 INFO  ExportHelperExtension.cs: 1136 - Found 29 in Fin-2
2022-01-21 13:01:46,156 INFO  ExportHelperExtension.cs: 1145 - Found 0 features of type [CoordSys] in Fin-2
2022-01-21 13:01:46,157 INFO  ExportHelperExtension.cs: 1125 - Retrieving features of type [CoordSys] from Fin_Support-2
2022-01-21 13:01:46,157 INFO  ExportHelperExtension.cs: 1136 - Found 27 in Fin_Support-2
2022-01-21 13:01:46,157 INFO  ExportHelperExtension.cs: 1145 - Found 0 features of type [CoordSys] in Fin_Support-2
2022-01-21 13:01:46,158 INFO  ExportHelperExtension.cs: 1125 - Retrieving features of type [CoordSys] from 5_long_bends-3
2022-01-21 13:01:46,158 INFO  ExportHelperExtension.cs: 1136 - Found 27 in 5_long_bends-3
2022-01-21 13:01:46,158 INFO  ExportHelperExtension.cs: 1145 - Found 0 features of type [CoordSys] in 5_long_bends-3
2022-01-21 13:01:46,159 INFO  ExportHelperExtension.cs: 1125 - Retrieving features of type [CoordSys] from Cone-2
2022-01-21 13:01:46,159 INFO  ExportHelperExtension.cs: 1136 - Found 30 in Cone-2
2022-01-21 13:01:46,159 INFO  ExportHelperExtension.cs: 1145 - Found 0 features of type [CoordSys] in Cone-2
2022-01-21 13:01:46,160 INFO  ExportHelperExtension.cs: 1125 - Retrieving features of type [CoordSys] from C_Slide_Track-5
2022-01-21 13:01:46,160 INFO  ExportHelperExtension.cs: 1136 - Found 31 in C_Slide_Track-5
2022-01-21 13:01:46,160 INFO  ExportHelperExtension.cs: 1145 - Found 0 features of type [CoordSys] in C_Slide_Track-5
2022-01-21 13:01:46,161 INFO  ExportHelperExtension.cs: 1125 - Retrieving features of type [CoordSys] from Pontoon-6
2022-01-21 13:01:46,161 INFO  ExportHelperExtension.cs: 1136 - Found 27 in Pontoon-6
2022-01-21 13:01:46,161 INFO  ExportHelperExtension.cs: 1145 - Found 0 features of type [CoordSys] in Pontoon-6
2022-01-21 13:01:46,162 INFO  ExportHelperExtension.cs: 1125 - Retrieving features of type [CoordSys] from Hat_Channel-2
2022-01-21 13:01:46,162 INFO  ExportHelperExtension.cs: 1136 - Found 41 in Hat_Channel-2
2022-01-21 13:01:46,162 INFO  ExportHelperExtension.cs: 1145 - Found 0 features of type [CoordSys] in Hat_Channel-2
2022-01-21 13:01:46,163 INFO  ExportHelperExtension.cs: 1125 - Retrieving features of type [CoordSys] from Boat_Deck-1
2022-01-21 13:01:46,163 INFO  ExportHelperExtension.cs: 1136 - Found 29 in Boat_Deck-1
2022-01-21 13:01:46,163 INFO  ExportHelperExtension.cs: 1145 - Found 0 features of type [CoordSys] in Boat_Deck-1
2022-01-21 13:01:46,164 INFO  ExportHelperExtension.cs: 1125 - Retrieving features of type [CoordSys] from Hat_Channel-4
2022-01-21 13:01:46,164 INFO  ExportHelperExtension.cs: 1136 - Found 41 in Hat_Channel-4
2022-01-21 13:01:46,164 INFO  ExportHelperExtension.cs: 1145 - Found 0 features of type [CoordSys] in Hat_Channel-4
2022-01-21 13:01:46,165 INFO  ExportHelperExtension.cs: 1125 - Retrieving features of type [CoordSys] from Hat_Channel-5
2022-01-21 13:01:46,165 INFO  ExportHelperExtension.cs: 1136 - Found 41 in Hat_Channel-5
2022-01-21 13:01:46,165 INFO  ExportHelperExtension.cs: 1145 - Found 0 features of type [CoordSys] in Hat_Channel-5
2022-01-21 13:01:46,166 INFO  ExportHelperExtension.cs: 1125 - Retrieving features of type [CoordSys] from How_Tall_Pipe-1
2022-01-21 13:01:46,166 INFO  ExportHelperExtension.cs: 1136 - Found 25 in How_Tall_Pipe-1
2022-01-21 13:01:46,166 INFO  ExportHelperExtension.cs: 1145 - Found 0 features of type [CoordSys] in How_Tall_Pipe-1
2022-01-21 13:01:46,167 INFO  ExportHelperExtension.cs: 1125 - Retrieving features of type [CoordSys] from Fin_Support-1
2022-01-21 13:01:46,167 INFO  ExportHelperExtension.cs: 1136 - Found 27 in Fin_Support-1
2022-01-21 13:01:46,167 INFO  ExportHelperExtension.cs: 1145 - Found 0 features of type [CoordSys] in Fin_Support-1
2022-01-21 13:01:46,167 INFO  ExportHelperExtension.cs: 1125 - Retrieving features of type [CoordSys] from Fin_Support-6
2022-01-21 13:01:46,168 INFO  ExportHelperExtension.cs: 1136 - Found 27 in Fin_Support-6
2022-01-21 13:01:46,168 INFO  ExportHelperExtension.cs: 1145 - Found 0 features of type [CoordSys] in Fin_Support-6
2022-01-21 13:01:46,168 INFO  ExportHelperExtension.cs: 1125 - Retrieving features of type [CoordSys] from Hat_Channel-1
2022-01-21 13:01:46,169 INFO  ExportHelperExtension.cs: 1136 - Found 41 in Hat_Channel-1
2022-01-21 13:01:46,169 INFO  ExportHelperExtension.cs: 1145 - Found 0 features of type [CoordSys] in Hat_Channel-1
2022-01-21 13:01:46,169 INFO  ExportHelperExtension.cs: 1125 - Retrieving features of type [CoordSys] from Fin_Support-5
2022-01-21 13:01:46,170 INFO  ExportHelperExtension.cs: 1136 - Found 27 in Fin_Support-5
2022-01-21 13:01:46,170 INFO  ExportHelperExtension.cs: 1145 - Found 0 features of type [CoordSys] in Fin_Support-5
2022-01-21 13:01:46,170 INFO  ExportHelperExtension.cs: 1125 - Retrieving features of type [CoordSys] from Boat_Top-1
2022-01-21 13:01:46,171 INFO  ExportHelperExtension.cs: 1136 - Found 33 in Boat_Top-1
2022-01-21 13:01:46,172 INFO  ExportHelperExtension.cs: 1145 - Found 0 features of type [CoordSys] in Boat_Top-1
2022-01-21 13:01:46,172 INFO  ExportHelperExtension.cs: 1125 - Retrieving features of type [CoordSys] from 5_long_bends-1
2022-01-21 13:01:46,173 INFO  ExportHelperExtension.cs: 1136 - Found 27 in 5_long_bends-1
2022-01-21 13:01:46,173 INFO  ExportHelperExtension.cs: 1145 - Found 0 features of type [CoordSys] in 5_long_bends-1
2022-01-21 13:01:46,173 INFO  ExportHelperExtension.cs: 1125 - Retrieving features of type [CoordSys] from End_Cap-1
2022-01-21 13:01:46,174 INFO  ExportHelperExtension.cs: 1136 - Found 37 in End_Cap-1
2022-01-21 13:01:46,174 INFO  ExportHelperExtension.cs: 1145 - Found 0 features of type [CoordSys] in End_Cap-1
2022-01-21 13:01:46,175 INFO  ExportHelperExtension.cs: 1125 - Retrieving features of type [CoordSys] from small_pipes-1
2022-01-21 13:01:46,175 INFO  ExportHelperExtension.cs: 1136 - Found 25 in small_pipes-1
2022-01-21 13:01:46,176 INFO  ExportHelperExtension.cs: 1145 - Found 0 features of type [CoordSys] in small_pipes-1
2022-01-21 13:01:46,176 INFO  ExportHelperExtension.cs: 1125 - Retrieving features of type [CoordSys] from Rubber_Seal-1
2022-01-21 13:01:46,186 INFO  ExportHelperExtension.cs: 1136 - Found 35 in Rubber_Seal-1
2022-01-21 13:01:46,187 INFO  ExportHelperExtension.cs: 1145 - Found 0 features of type [CoordSys] in Rubber_Seal-1
2022-01-21 13:01:46,187 INFO  ExportHelperExtension.cs: 1125 - Retrieving features of type [CoordSys] from Hat_Channel-3
2022-01-21 13:01:46,223 INFO  ExportHelperExtension.cs: 1136 - Found 41 in Hat_Channel-3
2022-01-21 13:01:46,224 INFO  ExportHelperExtension.cs: 1145 - Found 0 features of type [CoordSys] in Hat_Channel-3
2022-01-21 13:01:46,225 INFO  ExportHelperExtension.cs: 1125 - Retrieving features of type [CoordSys] from C_Slide_Track-6
2022-01-21 13:01:46,226 INFO  ExportHelperExtension.cs: 1136 - Found 31 in C_Slide_Track-6
2022-01-21 13:01:46,227 INFO  ExportHelperExtension.cs: 1145 - Found 0 features of type [CoordSys] in C_Slide_Track-6
2022-01-21 13:01:46,228 INFO  ExportHelperExtension.cs: 1125 - Retrieving features of type [RefAxis] from Boat_FINAL.SLDASM
2022-01-21 13:01:46,229 INFO  ExportHelperExtension.cs: 1136 - Found 170 in Boat_FINAL.SLDASM
2022-01-21 13:01:46,229 INFO  ExportHelperExtension.cs: 1145 - Found 0 features of type [RefAxis] in Boat_FINAL.SLDASM
2022-01-21 13:01:46,230 INFO  ExportHelperExtension.cs: 1148 - Proceeding through assembly components
2022-01-21 13:01:46,230 INFO  ExportHelperExtension.cs: 1160 - 34 components to check
2022-01-21 13:01:46,230 INFO  ExportHelperExtension.cs: 1125 - Retrieving features of type [RefAxis] from Pontoon-5
2022-01-21 13:01:46,231 INFO  ExportHelperExtension.cs: 1136 - Found 27 in Pontoon-5
2022-01-21 13:01:46,231 INFO  ExportHelperExtension.cs: 1145 - Found 0 features of type [RefAxis] in Pontoon-5
2022-01-21 13:01:46,231 INFO  ExportHelperExtension.cs: 1125 - Retrieving features of type [RefAxis] from Cone-1
2022-01-21 13:01:46,232 INFO  ExportHelperExtension.cs: 1136 - Found 30 in Cone-1
2022-01-21 13:01:46,232 INFO  ExportHelperExtension.cs: 1145 - Found 0 features of type [RefAxis] in Cone-1
2022-01-21 13:01:46,232 INFO  ExportHelperExtension.cs: 1125 - Retrieving features of type [RefAxis] from How_Tall_Pipe-3
2022-01-21 13:01:46,233 INFO  ExportHelperExtension.cs: 1136 - Found 25 in How_Tall_Pipe-3
2022-01-21 13:01:46,233 INFO  ExportHelperExtension.cs: 1145 - Found 0 features of type [RefAxis] in How_Tall_Pipe-3
2022-01-21 13:01:46,233 INFO  ExportHelperExtension.cs: 1125 - Retrieving features of type [RefAxis] from How_Tall_Pipe-4
2022-01-21 13:01:46,234 INFO  ExportHelperExtension.cs: 1136 - Found 25 in How_Tall_Pipe-4
2022-01-21 13:01:46,235 INFO  ExportHelperExtension.cs: 1145 - Found 0 features of type [RefAxis] in How_Tall_Pipe-4
2022-01-21 13:01:46,235 INFO  ExportHelperExtension.cs: 1125 - Retrieving features of type [RefAxis] from Pipe_Between-2
2022-01-21 13:01:46,235 INFO  ExportHelperExtension.cs: 1136 - Found 27 in Pipe_Between-2
2022-01-21 13:01:46,236 INFO  ExportHelperExtension.cs: 1145 - Found 0 features of type [RefAxis] in Pipe_Between-2
2022-01-21 13:01:46,236 INFO  ExportHelperExtension.cs: 1125 - Retrieving features of type [RefAxis] from How_Tall_Pipe-2
2022-01-21 13:01:46,236 INFO  ExportHelperExtension.cs: 1136 - Found 25 in How_Tall_Pipe-2
2022-01-21 13:01:46,237 INFO  ExportHelperExtension.cs: 1145 - Found 0 features of type [RefAxis] in How_Tall_Pipe-2
2022-01-21 13:01:46,237 INFO  ExportHelperExtension.cs: 1125 - Retrieving features of type [RefAxis] from 5_long_bends-6
2022-01-21 13:01:46,237 INFO  ExportHelperExtension.cs: 1136 - Found 27 in 5_long_bends-6
2022-01-21 13:01:46,238 INFO  ExportHelperExtension.cs: 1145 - Found 0 features of type [RefAxis] in 5_long_bends-6
2022-01-21 13:01:46,238 INFO  ExportHelperExtension.cs: 1125 - Retrieving features of type [RefAxis] from Pipe_Between-1
2022-01-21 13:01:46,238 INFO  ExportHelperExtension.cs: 1136 - Found 27 in Pipe_Between-1
2022-01-21 13:01:46,239 INFO  ExportHelperExtension.cs: 1145 - Found 0 features of type [RefAxis] in Pipe_Between-1
2022-01-21 13:01:46,239 INFO  ExportHelperExtension.cs: 1125 - Retrieving features of type [RefAxis] from small_pipes-3
2022-01-21 13:01:46,239 INFO  ExportHelperExtension.cs: 1136 - Found 25 in small_pipes-3
2022-01-21 13:01:46,240 INFO  ExportHelperExtension.cs: 1145 - Found 0 features of type [RefAxis] in small_pipes-3
2022-01-21 13:01:46,240 INFO  ExportHelperExtension.cs: 1125 - Retrieving features of type [RefAxis] from 5_long_bends-7
2022-01-21 13:01:46,240 INFO  ExportHelperExtension.cs: 1136 - Found 27 in 5_long_bends-7
2022-01-21 13:01:46,241 INFO  ExportHelperExtension.cs: 1145 - Found 0 features of type [RefAxis] in 5_long_bends-7
2022-01-21 13:01:46,241 INFO  ExportHelperExtension.cs: 1125 - Retrieving features of type [RefAxis] from End_Cap-2
2022-01-21 13:01:46,241 INFO  ExportHelperExtension.cs: 1136 - Found 37 in End_Cap-2
2022-01-21 13:01:46,242 INFO  ExportHelperExtension.cs: 1145 - Found 0 features of type [RefAxis] in End_Cap-2
2022-01-21 13:01:46,242 INFO  ExportHelperExtension.cs: 1125 - Retrieving features of type [RefAxis] from Fin-1
2022-01-21 13:01:46,242 INFO  ExportHelperExtension.cs: 1136 - Found 29 in Fin-1
2022-01-21 13:01:46,243 INFO  ExportHelperExtension.cs: 1145 - Found 0 features of type [RefAxis] in Fin-1
2022-01-21 13:01:46,243 INFO  ExportHelperExtension.cs: 1125 - Retrieving features of type [RefAxis] from Fin-2
2022-01-21 13:01:46,243 INFO  ExportHelperExtension.cs: 1136 - Found 29 in Fin-2
2022-01-21 13:01:46,244 INFO  ExportHelperExtension.cs: 1145 - Found 0 features of type [RefAxis] in Fin-2
2022-01-21 13:01:46,244 INFO  ExportHelperExtension.cs: 1125 - Retrieving features of type [RefAxis] from Fin_Support-2
2022-01-21 13:01:46,244 INFO  ExportHelperExtension.cs: 1136 - Found 27 in Fin_Support-2
2022-01-21 13:01:46,245 INFO  ExportHelperExtension.cs: 1145 - Found 0 features of type [RefAxis] in Fin_Support-2
2022-01-21 13:01:46,245 INFO  ExportHelperExtension.cs: 1125 - Retrieving features of type [RefAxis] from 5_long_bends-3
2022-01-21 13:01:46,245 INFO  ExportHelperExtension.cs: 1136 - Found 27 in 5_long_bends-3
2022-01-21 13:01:46,246 INFO  ExportHelperExtension.cs: 1145 - Found 0 features of type [RefAxis] in 5_long_bends-3
2022-01-21 13:01:46,246 INFO  ExportHelperExtension.cs: 1125 - Retrieving features of type [RefAxis] from Cone-2
2022-01-21 13:01:46,246 INFO  ExportHelperExtension.cs: 1136 - Found 30 in Cone-2
2022-01-21 13:01:46,247 INFO  ExportHelperExtension.cs: 1145 - Found 0 features of type [RefAxis] in Cone-2
2022-01-21 13:01:46,247 INFO  ExportHelperExtension.cs: 1125 - Retrieving features of type [RefAxis] from C_Slide_Track-5
2022-01-21 13:01:46,248 INFO  ExportHelperExtension.cs: 1136 - Found 31 in C_Slide_Track-5
2022-01-21 13:01:46,248 INFO  ExportHelperExtension.cs: 1145 - Found 0 features of type [RefAxis] in C_Slide_Track-5
2022-01-21 13:01:46,249 INFO  ExportHelperExtension.cs: 1125 - Retrieving features of type [RefAxis] from Pontoon-6
2022-01-21 13:01:46,249 INFO  ExportHelperExtension.cs: 1136 - Found 27 in Pontoon-6
2022-01-21 13:01:46,250 INFO  ExportHelperExtension.cs: 1145 - Found 0 features of type [RefAxis] in Pontoon-6
2022-01-21 13:01:46,250 INFO  ExportHelperExtension.cs: 1125 - Retrieving features of type [RefAxis] from Hat_Channel-2
2022-01-21 13:01:46,250 INFO  ExportHelperExtension.cs: 1136 - Found 41 in Hat_Channel-2
2022-01-21 13:01:46,251 INFO  ExportHelperExtension.cs: 1145 - Found 0 features of type [RefAxis] in Hat_Channel-2
2022-01-21 13:01:46,251 INFO  ExportHelperExtension.cs: 1125 - Retrieving features of type [RefAxis] from Boat_Deck-1
2022-01-21 13:01:46,251 INFO  ExportHelperExtension.cs: 1136 - Found 29 in Boat_Deck-1
2022-01-21 13:01:46,252 INFO  ExportHelperExtension.cs: 1145 - Found 0 features of type [RefAxis] in Boat_Deck-1
2022-01-21 13:01:46,252 INFO  ExportHelperExtension.cs: 1125 - Retrieving features of type [RefAxis] from Hat_Channel-4
2022-01-21 13:01:46,252 INFO  ExportHelperExtension.cs: 1136 - Found 41 in Hat_Channel-4
2022-01-21 13:01:46,252 INFO  ExportHelperExtension.cs: 1145 - Found 0 features of type [RefAxis] in Hat_Channel-4
2022-01-21 13:01:46,253 INFO  ExportHelperExtension.cs: 1125 - Retrieving features of type [RefAxis] from Hat_Channel-5
2022-01-21 13:01:46,253 INFO  ExportHelperExtension.cs: 1136 - Found 41 in Hat_Channel-5
2022-01-21 13:01:46,253 INFO  ExportHelperExtension.cs: 1145 - Found 0 features of type [RefAxis] in Hat_Channel-5
2022-01-21 13:01:46,254 INFO  ExportHelperExtension.cs: 1125 - Retrieving features of type [RefAxis] from How_Tall_Pipe-1
2022-01-21 13:01:46,254 INFO  ExportHelperExtension.cs: 1136 - Found 25 in How_Tall_Pipe-1
2022-01-21 13:01:46,254 INFO  ExportHelperExtension.cs: 1145 - Found 0 features of type [RefAxis] in How_Tall_Pipe-1
2022-01-21 13:01:46,255 INFO  ExportHelperExtension.cs: 1125 - Retrieving features of type [RefAxis] from Fin_Support-1
2022-01-21 13:01:46,255 INFO  ExportHelperExtension.cs: 1136 - Found 27 in Fin_Support-1
2022-01-21 13:01:46,255 INFO  ExportHelperExtension.cs: 1145 - Found 0 features of type [RefAxis] in Fin_Support-1
2022-01-21 13:01:46,256 INFO  ExportHelperExtension.cs: 1125 - Retrieving features of type [RefAxis] from Fin_Support-6
2022-01-21 13:01:46,256 INFO  ExportHelperExtension.cs: 1136 - Found 27 in Fin_Support-6
2022-01-21 13:01:46,256 INFO  ExportHelperExtension.cs: 1145 - Found 0 features of type [RefAxis] in Fin_Support-6
2022-01-21 13:01:46,257 INFO  ExportHelperExtension.cs: 1125 - Retrieving features of type [RefAxis] from Hat_Channel-1
2022-01-21 13:01:46,257 INFO  ExportHelperExtension.cs: 1136 - Found 41 in Hat_Channel-1
2022-01-21 13:01:46,257 INFO  ExportHelperExtension.cs: 1145 - Found 0 features of type [RefAxis] in Hat_Channel-1
2022-01-21 13:01:46,258 INFO  ExportHelperExtension.cs: 1125 - Retrieving features of type [RefAxis] from Fin_Support-5
2022-01-21 13:01:46,258 INFO  ExportHelperExtension.cs: 1136 - Found 27 in Fin_Support-5
2022-01-21 13:01:46,258 INFO  ExportHelperExtension.cs: 1145 - Found 0 features of type [RefAxis] in Fin_Support-5
2022-01-21 13:01:46,259 INFO  ExportHelperExtension.cs: 1125 - Retrieving features of type [RefAxis] from Boat_Top-1
2022-01-21 13:01:46,259 INFO  ExportHelperExtension.cs: 1136 - Found 33 in Boat_Top-1
2022-01-21 13:01:46,259 INFO  ExportHelperExtension.cs: 1145 - Found 0 features of type [RefAxis] in Boat_Top-1
2022-01-21 13:01:46,260 INFO  ExportHelperExtension.cs: 1125 - Retrieving features of type [RefAxis] from 5_long_bends-1
2022-01-21 13:01:46,260 INFO  ExportHelperExtension.cs: 1136 - Found 27 in 5_long_bends-1
2022-01-21 13:01:46,260 INFO  ExportHelperExtension.cs: 1145 - Found 0 features of type [RefAxis] in 5_long_bends-1
2022-01-21 13:01:46,261 INFO  ExportHelperExtension.cs: 1125 - Retrieving features of type [RefAxis] from End_Cap-1
2022-01-21 13:01:46,261 INFO  ExportHelperExtension.cs: 1136 - Found 37 in End_Cap-1
2022-01-21 13:01:46,261 INFO  ExportHelperExtension.cs: 1145 - Found 0 features of type [RefAxis] in End_Cap-1
2022-01-21 13:01:46,262 INFO  ExportHelperExtension.cs: 1125 - Retrieving features of type [RefAxis] from small_pipes-1
2022-01-21 13:01:46,262 INFO  ExportHelperExtension.cs: 1136 - Found 25 in small_pipes-1
2022-01-21 13:01:46,262 INFO  ExportHelperExtension.cs: 1145 - Found 0 features of type [RefAxis] in small_pipes-1
2022-01-21 13:01:46,263 INFO  ExportHelperExtension.cs: 1125 - Retrieving features of type [RefAxis] from Rubber_Seal-1
2022-01-21 13:01:46,263 INFO  ExportHelperExtension.cs: 1136 - Found 35 in Rubber_Seal-1
2022-01-21 13:01:46,263 INFO  ExportHelperExtension.cs: 1145 - Found 0 features of type [RefAxis] in Rubber_Seal-1
2022-01-21 13:01:46,264 INFO  ExportHelperExtension.cs: 1125 - Retrieving features of type [RefAxis] from Hat_Channel-3
2022-01-21 13:01:46,264 INFO  ExportHelperExtension.cs: 1136 - Found 41 in Hat_Channel-3
2022-01-21 13:01:46,265 INFO  ExportHelperExtension.cs: 1145 - Found 0 features of type [RefAxis] in Hat_Channel-3
2022-01-21 13:01:46,265 INFO  ExportHelperExtension.cs: 1125 - Retrieving features of type [RefAxis] from C_Slide_Track-6
2022-01-21 13:01:46,265 INFO  ExportHelperExtension.cs: 1136 - Found 31 in C_Slide_Track-6
2022-01-21 13:01:46,266 INFO  ExportHelperExtension.cs: 1145 - Found 0 features of type [RefAxis] in C_Slide_Track-6
2022-01-21 13:01:46,514 INFO  SwAddin.cs: 339 - Loading config tree
2022-01-21 13:01:46,518 INFO  ExportPropertyManagerExtension.cs: 520 - Starting new configuration
2022-01-21 13:01:46,521 INFO  SwAddin.cs: 344 - Showing property manager
2022-01-21 13:02:39,535 INFO  ExportPropertyManager.cs: 1018 - OnComboboxSelectionChanged called. This method no longer throws an Exception. It just silently does nothing. Ok, except for this logging message
2022-01-21 13:03:21,099 INFO  ExportPropertyManager.cs: 1136 - OnNumberBoxTrackingCompleted called. This method no longer throws an Exception. It just silently does nothing. Ok, except for this logging message
2022-01-21 13:03:21,989 INFO  ExportPropertyManager.cs: 1136 - OnNumberBoxTrackingCompleted called. This method no longer throws an Exception. It just silently does nothing. Ok, except for this logging message
2022-01-21 13:03:22,799 INFO  ExportPropertyManager.cs: 1136 - OnNumberBoxTrackingCompleted called. This method no longer throws an Exception. It just silently does nothing. Ok, except for this logging message
2022-01-21 13:03:22,971 INFO  ExportPropertyManager.cs: 1136 - OnNumberBoxTrackingCompleted called. This method no longer throws an Exception. It just silently does nothing. Ok, except for this logging message
2022-01-21 13:04:27,064 INFO  ExportPropertyManager.cs: 1142 - AfterClose called. This method no longer throws an Exception. It just silently does nothing. Ok, except for this logging message
2022-01-21 13:04:42,196 INFO  SwAddin.cs: 294 - Assembly export called for file Boat_FINAL.SLDASM
2022-01-21 13:04:43,926 INFO  SwAddin.cs: 313 - Saving assembly
2022-01-21 13:04:44,672 INFO  SwAddin.cs: 316 - Opening property manager
2022-01-21 13:04:44,672 INFO  ExportHelperExtension.cs: 1125 - Retrieving features of type [CoordSys] from Boat_FINAL.SLDASM
2022-01-21 13:04:44,673 INFO  ExportHelperExtension.cs: 1136 - Found 170 in Boat_FINAL.SLDASM
2022-01-21 13:04:44,673 INFO  ExportHelperExtension.cs: 1145 - Found 1 features of type [CoordSys] in Boat_FINAL.SLDASM
2022-01-21 13:04:44,674 INFO  ExportHelperExtension.cs: 1148 - Proceeding through assembly components
2022-01-21 13:04:44,674 INFO  ExportHelperExtension.cs: 1160 - 34 components to check
2022-01-21 13:04:44,674 INFO  ExportHelperExtension.cs: 1125 - Retrieving features of type [CoordSys] from Pontoon-5
2022-01-21 13:04:44,675 INFO  ExportHelperExtension.cs: 1136 - Found 27 in Pontoon-5
2022-01-21 13:04:44,675 INFO  ExportHelperExtension.cs: 1145 - Found 0 features of type [CoordSys] in Pontoon-5
2022-01-21 13:04:44,675 INFO  ExportHelperExtension.cs: 1125 - Retrieving features of type [CoordSys] from Cone-1
2022-01-21 13:04:44,676 INFO  ExportHelperExtension.cs: 1136 - Found 30 in Cone-1
2022-01-21 13:04:44,676 INFO  ExportHelperExtension.cs: 1145 - Found 0 features of type [CoordSys] in Cone-1
2022-01-21 13:04:44,676 INFO  ExportHelperExtension.cs: 1125 - Retrieving features of type [CoordSys] from How_Tall_Pipe-3
2022-01-21 13:04:44,677 INFO  ExportHelperExtension.cs: 1136 - Found 25 in How_Tall_Pipe-3
2022-01-21 13:04:44,677 INFO  ExportHelperExtension.cs: 1145 - Found 0 features of type [CoordSys] in How_Tall_Pipe-3
2022-01-21 13:04:44,677 INFO  ExportHelperExtension.cs: 1125 - Retrieving features of type [CoordSys] from How_Tall_Pipe-4
2022-01-21 13:04:44,677 INFO  ExportHelperExtension.cs: 1136 - Found 25 in How_Tall_Pipe-4
2022-01-21 13:04:44,678 INFO  ExportHelperExtension.cs: 1145 - Found 0 features of type [CoordSys] in How_Tall_Pipe-4
2022-01-21 13:04:44,678 INFO  ExportHelperExtension.cs: 1125 - Retrieving features of type [CoordSys] from Pipe_Between-2
2022-01-21 13:04:44,678 INFO  ExportHelperExtension.cs: 1136 - Found 27 in Pipe_Between-2
2022-01-21 13:04:44,679 INFO  ExportHelperExtension.cs: 1145 - Found 0 features of type [CoordSys] in Pipe_Between-2
2022-01-21 13:04:44,679 INFO  ExportHelperExtension.cs: 1125 - Retrieving features of type [CoordSys] from How_Tall_Pipe-2
2022-01-21 13:04:44,680 INFO  ExportHelperExtension.cs: 1136 - Found 25 in How_Tall_Pipe-2
2022-01-21 13:04:44,680 INFO  ExportHelperExtension.cs: 1145 - Found 0 features of type [CoordSys] in How_Tall_Pipe-2
2022-01-21 13:04:44,680 INFO  ExportHelperExtension.cs: 1125 - Retrieving features of type [CoordSys] from 5_long_bends-6
2022-01-21 13:04:44,681 INFO  ExportHelperExtension.cs: 1136 - Found 27 in 5_long_bends-6
2022-01-21 13:04:44,681 INFO  ExportHelperExtension.cs: 1145 - Found 0 features of type [CoordSys] in 5_long_bends-6
2022-01-21 13:04:44,682 INFO  ExportHelperExtension.cs: 1125 - Retrieving features of type [CoordSys] from Pipe_Between-1
2022-01-21 13:04:44,682 INFO  ExportHelperExtension.cs: 1136 - Found 27 in Pipe_Between-1
2022-01-21 13:04:44,682 INFO  ExportHelperExtension.cs: 1145 - Found 0 features of type [CoordSys] in Pipe_Between-1
2022-01-21 13:04:44,683 INFO  ExportHelperExtension.cs: 1125 - Retrieving features of type [CoordSys] from small_pipes-3
2022-01-21 13:04:44,683 INFO  ExportHelperExtension.cs: 1136 - Found 25 in small_pipes-3
2022-01-21 13:04:44,684 INFO  ExportHelperExtension.cs: 1145 - Found 0 features of type [CoordSys] in small_pipes-3
2022-01-21 13:04:44,685 INFO  ExportHelperExtension.cs: 1125 - Retrieving features of type [CoordSys] from 5_long_bends-7
2022-01-21 13:04:44,685 INFO  ExportHelperExtension.cs: 1136 - Found 27 in 5_long_bends-7
2022-01-21 13:04:44,686 INFO  ExportHelperExtension.cs: 1145 - Found 0 features of type [CoordSys] in 5_long_bends-7
2022-01-21 13:04:44,686 INFO  ExportHelperExtension.cs: 1125 - Retrieving features of type [CoordSys] from End_Cap-2
2022-01-21 13:04:44,688 INFO  ExportHelperExtension.cs: 1136 - Found 37 in End_Cap-2
2022-01-21 13:04:44,689 INFO  ExportHelperExtension.cs: 1145 - Found 0 features of type [CoordSys] in End_Cap-2
2022-01-21 13:04:44,690 INFO  ExportHelperExtension.cs: 1125 - Retrieving features of type [CoordSys] from Fin-1
2022-01-21 13:04:44,690 INFO  ExportHelperExtension.cs: 1136 - Found 29 in Fin-1
2022-01-21 13:04:44,691 INFO  ExportHelperExtension.cs: 1145 - Found 0 features of type [CoordSys] in Fin-1
2022-01-21 13:04:44,691 INFO  ExportHelperExtension.cs: 1125 - Retrieving features of type [CoordSys] from Fin-2
2022-01-21 13:04:44,691 INFO  ExportHelperExtension.cs: 1136 - Found 29 in Fin-2
2022-01-21 13:04:44,692 INFO  ExportHelperExtension.cs: 1145 - Found 0 features of type [CoordSys] in Fin-2
2022-01-21 13:04:44,692 INFO  ExportHelperExtension.cs: 1125 - Retrieving features of type [CoordSys] from Fin_Support-2
2022-01-21 13:04:44,693 INFO  ExportHelperExtension.cs: 1136 - Found 27 in Fin_Support-2
2022-01-21 13:04:44,694 INFO  ExportHelperExtension.cs: 1145 - Found 0 features of type [CoordSys] in Fin_Support-2
2022-01-21 13:04:44,694 INFO  ExportHelperExtension.cs: 1125 - Retrieving features of type [CoordSys] from 5_long_bends-3
2022-01-21 13:04:44,694 INFO  ExportHelperExtension.cs: 1136 - Found 27 in 5_long_bends-3
2022-01-21 13:04:44,695 INFO  ExportHelperExtension.cs: 1145 - Found 0 features of type [CoordSys] in 5_long_bends-3
2022-01-21 13:04:44,696 INFO  ExportHelperExtension.cs: 1125 - Retrieving features of type [CoordSys] from Cone-2
2022-01-21 13:04:44,696 INFO  ExportHelperExtension.cs: 1136 - Found 30 in Cone-2
2022-01-21 13:04:44,697 INFO  ExportHelperExtension.cs: 1145 - Found 0 features of type [CoordSys] in Cone-2
2022-01-21 13:04:44,697 INFO  ExportHelperExtension.cs: 1125 - Retrieving features of type [CoordSys] from C_Slide_Track-5
2022-01-21 13:04:44,697 INFO  ExportHelperExtension.cs: 1136 - Found 31 in C_Slide_Track-5
2022-01-21 13:04:44,698 INFO  ExportHelperExtension.cs: 1145 - Found 0 features of type [CoordSys] in C_Slide_Track-5
2022-01-21 13:04:44,698 INFO  ExportHelperExtension.cs: 1125 - Retrieving features of type [CoordSys] from Pontoon-6
2022-01-21 13:04:44,698 INFO  ExportHelperExtension.cs: 1136 - Found 27 in Pontoon-6
2022-01-21 13:04:44,699 INFO  ExportHelperExtension.cs: 1145 - Found 0 features of type [CoordSys] in Pontoon-6
2022-01-21 13:04:44,699 INFO  ExportHelperExtension.cs: 1125 - Retrieving features of type [CoordSys] from Hat_Channel-2
2022-01-21 13:04:44,699 INFO  ExportHelperExtension.cs: 1136 - Found 41 in Hat_Channel-2
2022-01-21 13:04:44,700 INFO  ExportHelperExtension.cs: 1145 - Found 0 features of type [CoordSys] in Hat_Channel-2
2022-01-21 13:04:44,700 INFO  ExportHelperExtension.cs: 1125 - Retrieving features of type [CoordSys] from Boat_Deck-1
2022-01-21 13:04:44,701 INFO  ExportHelperExtension.cs: 1136 - Found 29 in Boat_Deck-1
2022-01-21 13:04:44,701 INFO  ExportHelperExtension.cs: 1145 - Found 0 features of type [CoordSys] in Boat_Deck-1
2022-01-21 13:04:44,701 INFO  ExportHelperExtension.cs: 1125 - Retrieving features of type [CoordSys] from Hat_Channel-4
2022-01-21 13:04:44,702 INFO  ExportHelperExtension.cs: 1136 - Found 41 in Hat_Channel-4
2022-01-21 13:04:44,702 INFO  ExportHelperExtension.cs: 1145 - Found 0 features of type [CoordSys] in Hat_Channel-4
2022-01-21 13:04:44,702 INFO  ExportHelperExtension.cs: 1125 - Retrieving features of type [CoordSys] from Hat_Channel-5
2022-01-21 13:04:44,703 INFO  ExportHelperExtension.cs: 1136 - Found 41 in Hat_Channel-5
2022-01-21 13:04:44,703 INFO  ExportHelperExtension.cs: 1145 - Found 0 features of type [CoordSys] in Hat_Channel-5
2022-01-21 13:04:44,704 INFO  ExportHelperExtension.cs: 1125 - Retrieving features of type [CoordSys] from How_Tall_Pipe-1
2022-01-21 13:04:44,704 INFO  ExportHelperExtension.cs: 1136 - Found 25 in How_Tall_Pipe-1
2022-01-21 13:04:44,704 INFO  ExportHelperExtension.cs: 1145 - Found 0 features of type [CoordSys] in How_Tall_Pipe-1
2022-01-21 13:04:44,708 INFO  ExportHelperExtension.cs: 1125 - Retrieving features of type [CoordSys] from Fin_Support-1
2022-01-21 13:04:44,738 INFO  ExportHelperExtension.cs: 1136 - Found 27 in Fin_Support-1
2022-01-21 13:04:44,739 INFO  ExportHelperExtension.cs: 1145 - Found 0 features of type [CoordSys] in Fin_Support-1
2022-01-21 13:04:44,739 INFO  ExportHelperExtension.cs: 1125 - Retrieving features of type [CoordSys] from Fin_Support-6
2022-01-21 13:04:44,740 INFO  ExportHelperExtension.cs: 1136 - Found 27 in Fin_Support-6
2022-01-21 13:04:44,740 INFO  ExportHelperExtension.cs: 1145 - Found 0 features of type [CoordSys] in Fin_Support-6
2022-01-21 13:04:44,741 INFO  ExportHelperExtension.cs: 1125 - Retrieving features of type [CoordSys] from Hat_Channel-1
2022-01-21 13:04:44,741 INFO  ExportHelperExtension.cs: 1136 - Found 41 in Hat_Channel-1
2022-01-21 13:04:44,742 INFO  ExportHelperExtension.cs: 1145 - Found 0 features of type [CoordSys] in Hat_Channel-1
2022-01-21 13:04:44,743 INFO  ExportHelperExtension.cs: 1125 - Retrieving features of type [CoordSys] from Fin_Support-5
2022-01-21 13:04:44,743 INFO  ExportHelperExtension.cs: 1136 - Found 27 in Fin_Support-5
2022-01-21 13:04:44,743 INFO  ExportHelperExtension.cs: 1145 - Found 0 features of type [CoordSys] in Fin_Support-5
2022-01-21 13:04:44,744 INFO  ExportHelperExtension.cs: 1125 - Retrieving features of type [CoordSys] from Boat_Top-1
2022-01-21 13:04:44,744 INFO  ExportHelperExtension.cs: 1136 - Found 33 in Boat_Top-1
2022-01-21 13:04:44,744 INFO  ExportHelperExtension.cs: 1145 - Found 0 features of type [CoordSys] in Boat_Top-1
2022-01-21 13:04:44,745 INFO  ExportHelperExtension.cs: 1125 - Retrieving features of type [CoordSys] from 5_long_bends-1
2022-01-21 13:04:44,745 INFO  ExportHelperExtension.cs: 1136 - Found 27 in 5_long_bends-1
2022-01-21 13:04:44,745 INFO  ExportHelperExtension.cs: 1145 - Found 0 features of type [CoordSys] in 5_long_bends-1
2022-01-21 13:04:44,746 INFO  ExportHelperExtension.cs: 1125 - Retrieving features of type [CoordSys] from End_Cap-1
2022-01-21 13:04:44,746 INFO  ExportHelperExtension.cs: 1136 - Found 37 in End_Cap-1
2022-01-21 13:04:44,747 INFO  ExportHelperExtension.cs: 1145 - Found 0 features of type [CoordSys] in End_Cap-1
2022-01-21 13:04:44,747 INFO  ExportHelperExtension.cs: 1125 - Retrieving features of type [CoordSys] from small_pipes-1
2022-01-21 13:04:44,747 INFO  ExportHelperExtension.cs: 1136 - Found 25 in small_pipes-1
2022-01-21 13:04:44,748 INFO  ExportHelperExtension.cs: 1145 - Found 0 features of type [CoordSys] in small_pipes-1
2022-01-21 13:04:44,748 INFO  ExportHelperExtension.cs: 1125 - Retrieving features of type [CoordSys] from Rubber_Seal-1
2022-01-21 13:04:44,748 INFO  ExportHelperExtension.cs: 1136 - Found 35 in Rubber_Seal-1
2022-01-21 13:04:44,749 INFO  ExportHelperExtension.cs: 1145 - Found 0 features of type [CoordSys] in Rubber_Seal-1
2022-01-21 13:04:44,749 INFO  ExportHelperExtension.cs: 1125 - Retrieving features of type [CoordSys] from Hat_Channel-3
2022-01-21 13:04:44,749 INFO  ExportHelperExtension.cs: 1136 - Found 41 in Hat_Channel-3
2022-01-21 13:04:44,750 INFO  ExportHelperExtension.cs: 1145 - Found 0 features of type [CoordSys] in Hat_Channel-3
2022-01-21 13:04:44,750 INFO  ExportHelperExtension.cs: 1125 - Retrieving features of type [CoordSys] from C_Slide_Track-6
2022-01-21 13:04:44,750 INFO  ExportHelperExtension.cs: 1136 - Found 31 in C_Slide_Track-6
2022-01-21 13:04:44,751 INFO  ExportHelperExtension.cs: 1145 - Found 0 features of type [CoordSys] in C_Slide_Track-6
2022-01-21 13:04:44,751 INFO  ExportHelperExtension.cs: 1125 - Retrieving features of type [RefAxis] from Boat_FINAL.SLDASM
2022-01-21 13:04:44,752 INFO  ExportHelperExtension.cs: 1136 - Found 170 in Boat_FINAL.SLDASM
2022-01-21 13:04:44,752 INFO  ExportHelperExtension.cs: 1145 - Found 0 features of type [RefAxis] in Boat_FINAL.SLDASM
2022-01-21 13:04:44,753 INFO  ExportHelperExtension.cs: 1148 - Proceeding through assembly components
2022-01-21 13:04:44,753 INFO  ExportHelperExtension.cs: 1160 - 34 components to check
2022-01-21 13:04:44,753 INFO  ExportHelperExtension.cs: 1125 - Retrieving features of type [RefAxis] from Pontoon-5
2022-01-21 13:04:44,754 INFO  ExportHelperExtension.cs: 1136 - Found 27 in Pontoon-5
2022-01-21 13:04:44,754 INFO  ExportHelperExtension.cs: 1145 - Found 0 features of type [RefAxis] in Pontoon-5
2022-01-21 13:04:44,755 INFO  ExportHelperExtension.cs: 1125 - Retrieving features of type [RefAxis] from Cone-1
2022-01-21 13:04:44,755 INFO  ExportHelperExtension.cs: 1136 - Found 30 in Cone-1
2022-01-21 13:04:44,755 INFO  ExportHelperExtension.cs: 1145 - Found 0 features of type [RefAxis] in Cone-1
2022-01-21 13:04:44,756 INFO  ExportHelperExtension.cs: 1125 - Retrieving features of type [RefAxis] from How_Tall_Pipe-3
2022-01-21 13:04:44,756 INFO  ExportHelperExtension.cs: 1136 - Found 25 in How_Tall_Pipe-3
2022-01-21 13:04:44,757 INFO  ExportHelperExtension.cs: 1145 - Found 0 features of type [RefAxis] in How_Tall_Pipe-3
2022-01-21 13:04:44,758 INFO  ExportHelperExtension.cs: 1125 - Retrieving features of type [RefAxis] from How_Tall_Pipe-4
2022-01-21 13:04:44,758 INFO  ExportHelperExtension.cs: 1136 - Found 25 in How_Tall_Pipe-4
2022-01-21 13:04:44,758 INFO  ExportHelperExtension.cs: 1145 - Found 0 features of type [RefAxis] in How_Tall_Pipe-4
2022-01-21 13:04:44,759 INFO  ExportHelperExtension.cs: 1125 - Retrieving features of type [RefAxis] from Pipe_Between-2
2022-01-21 13:04:44,759 INFO  ExportHelperExtension.cs: 1136 - Found 27 in Pipe_Between-2
2022-01-21 13:04:44,759 INFO  ExportHelperExtension.cs: 1145 - Found 0 features of type [RefAxis] in Pipe_Between-2
2022-01-21 13:04:44,760 INFO  ExportHelperExtension.cs: 1125 - Retrieving features of type [RefAxis] from How_Tall_Pipe-2
2022-01-21 13:04:44,760 INFO  ExportHelperExtension.cs: 1136 - Found 25 in How_Tall_Pipe-2
2022-01-21 13:04:44,760 INFO  ExportHelperExtension.cs: 1145 - Found 0 features of type [RefAxis] in How_Tall_Pipe-2
2022-01-21 13:04:44,760 INFO  ExportHelperExtension.cs: 1125 - Retrieving features of type [RefAxis] from 5_long_bends-6
2022-01-21 13:04:44,761 INFO  ExportHelperExtension.cs: 1136 - Found 27 in 5_long_bends-6
2022-01-21 13:04:44,761 INFO  ExportHelperExtension.cs: 1145 - Found 0 features of type [RefAxis] in 5_long_bends-6
2022-01-21 13:04:44,761 INFO  ExportHelperExtension.cs: 1125 - Retrieving features of type [RefAxis] from Pipe_Between-1
2022-01-21 13:04:44,762 INFO  ExportHelperExtension.cs: 1136 - Found 27 in Pipe_Between-1
2022-01-21 13:04:44,762 INFO  ExportHelperExtension.cs: 1145 - Found 0 features of type [RefAxis] in Pipe_Between-1
2022-01-21 13:04:44,762 INFO  ExportHelperExtension.cs: 1125 - Retrieving features of type [RefAxis] from small_pipes-3
2022-01-21 13:04:44,763 INFO  ExportHelperExtension.cs: 1136 - Found 25 in small_pipes-3
2022-01-21 13:04:44,763 INFO  ExportHelperExtension.cs: 1145 - Found 0 features of type [RefAxis] in small_pipes-3
2022-01-21 13:04:44,763 INFO  ExportHelperExtension.cs: 1125 - Retrieving features of type [RefAxis] from 5_long_bends-7
2022-01-21 13:04:44,764 INFO  ExportHelperExtension.cs: 1136 - Found 27 in 5_long_bends-7
2022-01-21 13:04:44,764 INFO  ExportHelperExtension.cs: 1145 - Found 0 features of type [RefAxis] in 5_long_bends-7
2022-01-21 13:04:44,764 INFO  ExportHelperExtension.cs: 1125 - Retrieving features of type [RefAxis] from End_Cap-2
2022-01-21 13:04:44,764 INFO  ExportHelperExtension.cs: 1136 - Found 37 in End_Cap-2
2022-01-21 13:04:44,765 INFO  ExportHelperExtension.cs: 1145 - Found 0 features of type [RefAxis] in End_Cap-2
2022-01-21 13:04:44,765 INFO  ExportHelperExtension.cs: 1125 - Retrieving features of type [RefAxis] from Fin-1
2022-01-21 13:04:44,765 INFO  ExportHelperExtension.cs: 1136 - Found 29 in Fin-1
2022-01-21 13:04:44,766 INFO  ExportHelperExtension.cs: 1145 - Found 0 features of type [RefAxis] in Fin-1
2022-01-21 13:04:44,766 INFO  ExportHelperExtension.cs: 1125 - Retrieving features of type [RefAxis] from Fin-2
2022-01-21 13:04:44,766 INFO  ExportHelperExtension.cs: 1136 - Found 29 in Fin-2
2022-01-21 13:04:44,767 INFO  ExportHelperExtension.cs: 1145 - Found 0 features of type [RefAxis] in Fin-2
2022-01-21 13:04:44,767 INFO  ExportHelperExtension.cs: 1125 - Retrieving features of type [RefAxis] from Fin_Support-2
2022-01-21 13:04:44,767 INFO  ExportHelperExtension.cs: 1136 - Found 27 in Fin_Support-2
2022-01-21 13:04:44,768 INFO  ExportHelperExtension.cs: 1145 - Found 0 features of type [RefAxis] in Fin_Support-2
2022-01-21 13:04:44,768 INFO  ExportHelperExtension.cs: 1125 - Retrieving features of type [RefAxis] from 5_long_bends-3
2022-01-21 13:04:44,768 INFO  ExportHelperExtension.cs: 1136 - Found 27 in 5_long_bends-3
2022-01-21 13:04:44,768 INFO  ExportHelperExtension.cs: 1145 - Found 0 features of type [RefAxis] in 5_long_bends-3
2022-01-21 13:04:44,769 INFO  ExportHelperExtension.cs: 1125 - Retrieving features of type [RefAxis] from Cone-2
2022-01-21 13:04:44,769 INFO  ExportHelperExtension.cs: 1136 - Found 30 in Cone-2
2022-01-21 13:04:44,769 INFO  ExportHelperExtension.cs: 1145 - Found 0 features of type [RefAxis] in Cone-2
2022-01-21 13:04:44,770 INFO  ExportHelperExtension.cs: 1125 - Retrieving features of type [RefAxis] from C_Slide_Track-5
2022-01-21 13:04:44,770 INFO  ExportHelperExtension.cs: 1136 - Found 31 in C_Slide_Track-5
2022-01-21 13:04:44,770 INFO  ExportHelperExtension.cs: 1145 - Found 0 features of type [RefAxis] in C_Slide_Track-5
2022-01-21 13:04:44,771 INFO  ExportHelperExtension.cs: 1125 - Retrieving features of type [RefAxis] from Pontoon-6
2022-01-21 13:04:44,771 INFO  ExportHelperExtension.cs: 1136 - Found 27 in Pontoon-6
2022-01-21 13:04:44,771 INFO  ExportHelperExtension.cs: 1145 - Found 0 features of type [RefAxis] in Pontoon-6
2022-01-21 13:04:44,772 INFO  ExportHelperExtension.cs: 1125 - Retrieving features of type [RefAxis] from Hat_Channel-2
2022-01-21 13:04:44,772 INFO  ExportHelperExtension.cs: 1136 - Found 41 in Hat_Channel-2
2022-01-21 13:04:44,772 INFO  ExportHelperExtension.cs: 1145 - Found 0 features of type [RefAxis] in Hat_Channel-2
2022-01-21 13:04:44,773 INFO  ExportHelperExtension.cs: 1125 - Retrieving features of type [RefAxis] from Boat_Deck-1
2022-01-21 13:04:44,773 INFO  ExportHelperExtension.cs: 1136 - Found 29 in Boat_Deck-1
2022-01-21 13:04:44,774 INFO  ExportHelperExtension.cs: 1145 - Found 0 features of type [RefAxis] in Boat_Deck-1
2022-01-21 13:04:44,774 INFO  ExportHelperExtension.cs: 1125 - Retrieving features of type [RefAxis] from Hat_Channel-4
2022-01-21 13:04:44,775 INFO  ExportHelperExtension.cs: 1136 - Found 41 in Hat_Channel-4
2022-01-21 13:04:44,775 INFO  ExportHelperExtension.cs: 1145 - Found 0 features of type [RefAxis] in Hat_Channel-4
2022-01-21 13:04:44,775 INFO  ExportHelperExtension.cs: 1125 - Retrieving features of type [RefAxis] from Hat_Channel-5
2022-01-21 13:04:44,776 INFO  ExportHelperExtension.cs: 1136 - Found 41 in Hat_Channel-5
2022-01-21 13:04:44,776 INFO  ExportHelperExtension.cs: 1145 - Found 0 features of type [RefAxis] in Hat_Channel-5
2022-01-21 13:04:44,776 INFO  ExportHelperExtension.cs: 1125 - Retrieving features of type [RefAxis] from How_Tall_Pipe-1
2022-01-21 13:04:44,777 INFO  ExportHelperExtension.cs: 1136 - Found 25 in How_Tall_Pipe-1
2022-01-21 13:04:44,777 INFO  ExportHelperExtension.cs: 1145 - Found 0 features of type [RefAxis] in How_Tall_Pipe-1
2022-01-21 13:04:44,777 INFO  ExportHelperExtension.cs: 1125 - Retrieving features of type [RefAxis] from Fin_Support-1
2022-01-21 13:04:44,778 INFO  ExportHelperExtension.cs: 1136 - Found 27 in Fin_Support-1
2022-01-21 13:04:44,778 INFO  ExportHelperExtension.cs: 1145 - Found 0 features of type [RefAxis] in Fin_Support-1
2022-01-21 13:04:44,778 INFO  ExportHelperExtension.cs: 1125 - Retrieving features of type [RefAxis] from Fin_Support-6
2022-01-21 13:04:44,779 INFO  ExportHelperExtension.cs: 1136 - Found 27 in Fin_Support-6
2022-01-21 13:04:44,779 INFO  ExportHelperExtension.cs: 1145 - Found 0 features of type [RefAxis] in Fin_Support-6
2022-01-21 13:04:44,779 INFO  ExportHelperExtension.cs: 1125 - Retrieving features of type [RefAxis] from Hat_Channel-1
2022-01-21 13:04:44,780 INFO  ExportHelperExtension.cs: 1136 - Found 41 in Hat_Channel-1
2022-01-21 13:04:44,780 INFO  ExportHelperExtension.cs: 1145 - Found 0 features of type [RefAxis] in Hat_Channel-1
2022-01-21 13:04:44,780 INFO  ExportHelperExtension.cs: 1125 - Retrieving features of type [RefAxis] from Fin_Support-5
2022-01-21 13:04:44,781 INFO  ExportHelperExtension.cs: 1136 - Found 27 in Fin_Support-5
2022-01-21 13:04:44,781 INFO  ExportHelperExtension.cs: 1145 - Found 0 features of type [RefAxis] in Fin_Support-5
2022-01-21 13:04:44,781 INFO  ExportHelperExtension.cs: 1125 - Retrieving features of type [RefAxis] from Boat_Top-1
2022-01-21 13:04:44,781 INFO  ExportHelperExtension.cs: 1136 - Found 33 in Boat_Top-1
2022-01-21 13:04:44,782 INFO  ExportHelperExtension.cs: 1145 - Found 0 features of type [RefAxis] in Boat_Top-1
2022-01-21 13:04:44,782 INFO  ExportHelperExtension.cs: 1125 - Retrieving features of type [RefAxis] from 5_long_bends-1
2022-01-21 13:04:44,782 INFO  ExportHelperExtension.cs: 1136 - Found 27 in 5_long_bends-1
2022-01-21 13:04:44,783 INFO  ExportHelperExtension.cs: 1145 - Found 0 features of type [RefAxis] in 5_long_bends-1
2022-01-21 13:04:44,783 INFO  ExportHelperExtension.cs: 1125 - Retrieving features of type [RefAxis] from End_Cap-1
2022-01-21 13:04:44,783 INFO  ExportHelperExtension.cs: 1136 - Found 37 in End_Cap-1
2022-01-21 13:04:44,784 INFO  ExportHelperExtension.cs: 1145 - Found 0 features of type [RefAxis] in End_Cap-1
2022-01-21 13:04:44,784 INFO  ExportHelperExtension.cs: 1125 - Retrieving features of type [RefAxis] from small_pipes-1
2022-01-21 13:04:44,784 INFO  ExportHelperExtension.cs: 1136 - Found 25 in small_pipes-1
2022-01-21 13:04:44,785 INFO  ExportHelperExtension.cs: 1145 - Found 0 features of type [RefAxis] in small_pipes-1
2022-01-21 13:04:44,785 INFO  ExportHelperExtension.cs: 1125 - Retrieving features of type [RefAxis] from Rubber_Seal-1
2022-01-21 13:04:44,785 INFO  ExportHelperExtension.cs: 1136 - Found 35 in Rubber_Seal-1
2022-01-21 13:04:44,785 INFO  ExportHelperExtension.cs: 1145 - Found 0 features of type [RefAxis] in Rubber_Seal-1
2022-01-21 13:04:44,786 INFO  ExportHelperExtension.cs: 1125 - Retrieving features of type [RefAxis] from Hat_Channel-3
2022-01-21 13:04:44,786 INFO  ExportHelperExtension.cs: 1136 - Found 41 in Hat_Channel-3
2022-01-21 13:04:44,787 INFO  ExportHelperExtension.cs: 1145 - Found 0 features of type [RefAxis] in Hat_Channel-3
2022-01-21 13:04:44,787 INFO  ExportHelperExtension.cs: 1125 - Retrieving features of type [RefAxis] from C_Slide_Track-6
2022-01-21 13:04:44,787 INFO  ExportHelperExtension.cs: 1136 - Found 31 in C_Slide_Track-6
2022-01-21 13:04:44,787 INFO  ExportHelperExtension.cs: 1145 - Found 0 features of type [RefAxis] in C_Slide_Track-6
2022-01-21 13:04:44,865 INFO  SwAddin.cs: 339 - Loading config tree
2022-01-21 13:04:44,866 INFO  ExportPropertyManagerExtension.cs: 520 - Starting new configuration
2022-01-21 13:04:44,868 INFO  SwAddin.cs: 344 - Showing property manager
2022-01-21 13:04:53,087 INFO  ExportPropertyManager.cs: 1018 - OnComboboxSelectionChanged called. This method no longer throws an Exception. It just silently does nothing. Ok, except for this logging message
2022-01-21 13:05:03,424 INFO  ExportPropertyManager.cs: 422 - Configuration saved
2022-01-21 13:05:03,825 INFO  ExportHelperExtension.cs: 1125 - Retrieving features of type [CoordSys] from Boat_FINAL.SLDASM
2022-01-21 13:05:03,832 INFO  ExportHelperExtension.cs: 1136 - Found 171 in Boat_FINAL.SLDASM
2022-01-21 13:05:03,832 INFO  ExportHelperExtension.cs: 1145 - Found 1 features of type [CoordSys] in Boat_FINAL.SLDASM
2022-01-21 13:05:03,833 INFO  ExportHelperExtension.cs: 1148 - Proceeding through assembly components
2022-01-21 13:05:03,833 INFO  ExportHelperExtension.cs: 1160 - 34 components to check
2022-01-21 13:05:03,833 INFO  ExportHelperExtension.cs: 1125 - Retrieving features of type [CoordSys] from Pontoon-5
2022-01-21 13:05:03,834 INFO  ExportHelperExtension.cs: 1136 - Found 27 in Pontoon-5
2022-01-21 13:05:03,834 INFO  ExportHelperExtension.cs: 1145 - Found 0 features of type [CoordSys] in Pontoon-5
2022-01-21 13:05:03,834 INFO  ExportHelperExtension.cs: 1125 - Retrieving features of type [CoordSys] from Cone-1
2022-01-21 13:05:03,835 INFO  ExportHelperExtension.cs: 1136 - Found 30 in Cone-1
2022-01-21 13:05:03,835 INFO  ExportHelperExtension.cs: 1145 - Found 0 features of type [CoordSys] in Cone-1
2022-01-21 13:05:03,835 INFO  ExportHelperExtension.cs: 1125 - Retrieving features of type [CoordSys] from How_Tall_Pipe-3
2022-01-21 13:05:03,836 INFO  ExportHelperExtension.cs: 1136 - Found 25 in How_Tall_Pipe-3
2022-01-21 13:05:03,836 INFO  ExportHelperExtension.cs: 1145 - Found 0 features of type [CoordSys] in How_Tall_Pipe-3
2022-01-21 13:05:03,836 INFO  ExportHelperExtension.cs: 1125 - Retrieving features of type [CoordSys] from How_Tall_Pipe-4
2022-01-21 13:05:03,837 INFO  ExportHelperExtension.cs: 1136 - Found 25 in How_Tall_Pipe-4
2022-01-21 13:05:03,837 INFO  ExportHelperExtension.cs: 1145 - Found 0 features of type [CoordSys] in How_Tall_Pipe-4
2022-01-21 13:05:03,837 INFO  ExportHelperExtension.cs: 1125 - Retrieving features of type [CoordSys] from Pipe_Between-2
2022-01-21 13:05:03,838 INFO  ExportHelperExtension.cs: 1136 - Found 27 in Pipe_Between-2
2022-01-21 13:05:03,838 INFO  ExportHelperExtension.cs: 1145 - Found 0 features of type [CoordSys] in Pipe_Between-2
2022-01-21 13:05:03,838 INFO  ExportHelperExtension.cs: 1125 - Retrieving features of type [CoordSys] from How_Tall_Pipe-2
2022-01-21 13:05:03,839 INFO  ExportHelperExtension.cs: 1136 - Found 25 in How_Tall_Pipe-2
2022-01-21 13:05:03,839 INFO  ExportHelperExtension.cs: 1145 - Found 0 features of type [CoordSys] in How_Tall_Pipe-2
2022-01-21 13:05:03,839 INFO  ExportHelperExtension.cs: 1125 - Retrieving features of type [CoordSys] from 5_long_bends-6
2022-01-21 13:05:03,840 INFO  ExportHelperExtension.cs: 1136 - Found 27 in 5_long_bends-6
2022-01-21 13:05:03,840 INFO  ExportHelperExtension.cs: 1145 - Found 0 features of type [CoordSys] in 5_long_bends-6
2022-01-21 13:05:03,840 INFO  ExportHelperExtension.cs: 1125 - Retrieving features of type [CoordSys] from Pipe_Between-1
2022-01-21 13:05:03,841 INFO  ExportHelperExtension.cs: 1136 - Found 27 in Pipe_Between-1
2022-01-21 13:05:03,841 INFO  ExportHelperExtension.cs: 1145 - Found 0 features of type [CoordSys] in Pipe_Between-1
2022-01-21 13:05:03,841 INFO  ExportHelperExtension.cs: 1125 - Retrieving features of type [CoordSys] from small_pipes-3
2022-01-21 13:05:03,842 INFO  ExportHelperExtension.cs: 1136 - Found 25 in small_pipes-3
2022-01-21 13:05:03,842 INFO  ExportHelperExtension.cs: 1145 - Found 0 features of type [CoordSys] in small_pipes-3
2022-01-21 13:05:03,842 INFO  ExportHelperExtension.cs: 1125 - Retrieving features of type [CoordSys] from 5_long_bends-7
2022-01-21 13:05:03,843 INFO  ExportHelperExtension.cs: 1136 - Found 27 in 5_long_bends-7
2022-01-21 13:05:03,843 INFO  ExportHelperExtension.cs: 1145 - Found 0 features of type [CoordSys] in 5_long_bends-7
2022-01-21 13:05:03,843 INFO  ExportHelperExtension.cs: 1125 - Retrieving features of type [CoordSys] from End_Cap-2
2022-01-21 13:05:03,844 INFO  ExportHelperExtension.cs: 1136 - Found 37 in End_Cap-2
2022-01-21 13:05:03,844 INFO  ExportHelperExtension.cs: 1145 - Found 0 features of type [CoordSys] in End_Cap-2
2022-01-21 13:05:03,844 INFO  ExportHelperExtension.cs: 1125 - Retrieving features of type [CoordSys] from Fin-1
2022-01-21 13:05:03,845 INFO  ExportHelperExtension.cs: 1136 - Found 29 in Fin-1
2022-01-21 13:05:03,845 INFO  ExportHelperExtension.cs: 1145 - Found 0 features of type [CoordSys] in Fin-1
2022-01-21 13:05:03,845 INFO  ExportHelperExtension.cs: 1125 - Retrieving features of type [CoordSys] from Fin-2
2022-01-21 13:05:03,846 INFO  ExportHelperExtension.cs: 1136 - Found 29 in Fin-2
2022-01-21 13:05:03,846 INFO  ExportHelperExtension.cs: 1145 - Found 0 features of type [CoordSys] in Fin-2
2022-01-21 13:05:03,846 INFO  ExportHelperExtension.cs: 1125 - Retrieving features of type [CoordSys] from Fin_Support-2
2022-01-21 13:05:03,847 INFO  ExportHelperExtension.cs: 1136 - Found 27 in Fin_Support-2
2022-01-21 13:05:03,847 INFO  ExportHelperExtension.cs: 1145 - Found 0 features of type [CoordSys] in Fin_Support-2
2022-01-21 13:05:03,847 INFO  ExportHelperExtension.cs: 1125 - Retrieving features of type [CoordSys] from 5_long_bends-3
2022-01-21 13:05:03,848 INFO  ExportHelperExtension.cs: 1136 - Found 27 in 5_long_bends-3
2022-01-21 13:05:03,848 INFO  ExportHelperExtension.cs: 1145 - Found 0 features of type [CoordSys] in 5_long_bends-3
2022-01-21 13:05:03,848 INFO  ExportHelperExtension.cs: 1125 - Retrieving features of type [CoordSys] from Cone-2
2022-01-21 13:05:03,849 INFO  ExportHelperExtension.cs: 1136 - Found 30 in Cone-2
2022-01-21 13:05:03,849 INFO  ExportHelperExtension.cs: 1145 - Found 0 features of type [CoordSys] in Cone-2
2022-01-21 13:05:03,849 INFO  ExportHelperExtension.cs: 1125 - Retrieving features of type [CoordSys] from C_Slide_Track-5
2022-01-21 13:05:03,850 INFO  ExportHelperExtension.cs: 1136 - Found 31 in C_Slide_Track-5
2022-01-21 13:05:03,850 INFO  ExportHelperExtension.cs: 1145 - Found 0 features of type [CoordSys] in C_Slide_Track-5
2022-01-21 13:05:03,851 INFO  ExportHelperExtension.cs: 1125 - Retrieving features of type [CoordSys] from Pontoon-6
2022-01-21 13:05:03,851 INFO  ExportHelperExtension.cs: 1136 - Found 27 in Pontoon-6
2022-01-21 13:05:03,851 INFO  ExportHelperExtension.cs: 1145 - Found 0 features of type [CoordSys] in Pontoon-6
2022-01-21 13:05:03,856 INFO  ExportHelperExtension.cs: 1125 - Retrieving features of type [CoordSys] from Hat_Channel-2
2022-01-21 13:05:03,884 INFO  ExportHelperExtension.cs: 1136 - Found 41 in Hat_Channel-2
2022-01-21 13:05:03,884 INFO  ExportHelperExtension.cs: 1145 - Found 0 features of type [CoordSys] in Hat_Channel-2
2022-01-21 13:05:03,885 INFO  ExportHelperExtension.cs: 1125 - Retrieving features of type [CoordSys] from Boat_Deck-1
2022-01-21 13:05:03,885 INFO  ExportHelperExtension.cs: 1136 - Found 29 in Boat_Deck-1
2022-01-21 13:05:03,886 INFO  ExportHelperExtension.cs: 1145 - Found 0 features of type [CoordSys] in Boat_Deck-1
2022-01-21 13:05:03,886 INFO  ExportHelperExtension.cs: 1125 - Retrieving features of type [CoordSys] from Hat_Channel-4
2022-01-21 13:05:03,886 INFO  ExportHelperExtension.cs: 1136 - Found 41 in Hat_Channel-4
2022-01-21 13:05:03,887 INFO  ExportHelperExtension.cs: 1145 - Found 0 features of type [CoordSys] in Hat_Channel-4
2022-01-21 13:05:03,887 INFO  ExportHelperExtension.cs: 1125 - Retrieving features of type [CoordSys] from Hat_Channel-5
2022-01-21 13:05:03,887 INFO  ExportHelperExtension.cs: 1136 - Found 41 in Hat_Channel-5
2022-01-21 13:05:03,888 INFO  ExportHelperExtension.cs: 1145 - Found 0 features of type [CoordSys] in Hat_Channel-5
2022-01-21 13:05:03,888 INFO  ExportHelperExtension.cs: 1125 - Retrieving features of type [CoordSys] from How_Tall_Pipe-1
2022-01-21 13:05:03,888 INFO  ExportHelperExtension.cs: 1136 - Found 25 in How_Tall_Pipe-1
2022-01-21 13:05:03,889 INFO  ExportHelperExtension.cs: 1145 - Found 0 features of type [CoordSys] in How_Tall_Pipe-1
2022-01-21 13:05:03,889 INFO  ExportHelperExtension.cs: 1125 - Retrieving features of type [CoordSys] from Fin_Support-1
2022-01-21 13:05:03,890 INFO  ExportHelperExtension.cs: 1136 - Found 27 in Fin_Support-1
2022-01-21 13:05:03,890 INFO  ExportHelperExtension.cs: 1145 - Found 0 features of type [CoordSys] in Fin_Support-1
2022-01-21 13:05:03,890 INFO  ExportHelperExtension.cs: 1125 - Retrieving features of type [CoordSys] from Fin_Support-6
2022-01-21 13:05:03,891 INFO  ExportHelperExtension.cs: 1136 - Found 27 in Fin_Support-6
2022-01-21 13:05:03,891 INFO  ExportHelperExtension.cs: 1145 - Found 0 features of type [CoordSys] in Fin_Support-6
2022-01-21 13:05:03,891 INFO  ExportHelperExtension.cs: 1125 - Retrieving features of type [CoordSys] from Hat_Channel-1
2022-01-21 13:05:03,892 INFO  ExportHelperExtension.cs: 1136 - Found 41 in Hat_Channel-1
2022-01-21 13:05:03,892 INFO  ExportHelperExtension.cs: 1145 - Found 0 features of type [CoordSys] in Hat_Channel-1
2022-01-21 13:05:03,893 INFO  ExportHelperExtension.cs: 1125 - Retrieving features of type [CoordSys] from Fin_Support-5
2022-01-21 13:05:03,893 INFO  ExportHelperExtension.cs: 1136 - Found 27 in Fin_Support-5
2022-01-21 13:05:03,893 INFO  ExportHelperExtension.cs: 1145 - Found 0 features of type [CoordSys] in Fin_Support-5
2022-01-21 13:05:03,893 INFO  ExportHelperExtension.cs: 1125 - Retrieving features of type [CoordSys] from Boat_Top-1
2022-01-21 13:05:03,894 INFO  ExportHelperExtension.cs: 1136 - Found 33 in Boat_Top-1
2022-01-21 13:05:03,894 INFO  ExportHelperExtension.cs: 1145 - Found 0 features of type [CoordSys] in Boat_Top-1
2022-01-21 13:05:03,894 INFO  ExportHelperExtension.cs: 1125 - Retrieving features of type [CoordSys] from 5_long_bends-1
2022-01-21 13:05:03,895 INFO  ExportHelperExtension.cs: 1136 - Found 27 in 5_long_bends-1
2022-01-21 13:05:03,895 INFO  ExportHelperExtension.cs: 1145 - Found 0 features of type [CoordSys] in 5_long_bends-1
2022-01-21 13:05:03,896 INFO  ExportHelperExtension.cs: 1125 - Retrieving features of type [CoordSys] from End_Cap-1
2022-01-21 13:05:03,896 INFO  ExportHelperExtension.cs: 1136 - Found 37 in End_Cap-1
2022-01-21 13:05:03,896 INFO  ExportHelperExtension.cs: 1145 - Found 0 features of type [CoordSys] in End_Cap-1
2022-01-21 13:05:03,897 INFO  ExportHelperExtension.cs: 1125 - Retrieving features of type [CoordSys] from small_pipes-1
2022-01-21 13:05:03,897 INFO  ExportHelperExtension.cs: 1136 - Found 25 in small_pipes-1
2022-01-21 13:05:03,897 INFO  ExportHelperExtension.cs: 1145 - Found 0 features of type [CoordSys] in small_pipes-1
2022-01-21 13:05:03,898 INFO  ExportHelperExtension.cs: 1125 - Retrieving features of type [CoordSys] from Rubber_Seal-1
2022-01-21 13:05:03,898 INFO  ExportHelperExtension.cs: 1136 - Found 35 in Rubber_Seal-1
2022-01-21 13:05:03,898 INFO  ExportHelperExtension.cs: 1145 - Found 0 features of type [CoordSys] in Rubber_Seal-1
2022-01-21 13:05:03,899 INFO  ExportHelperExtension.cs: 1125 - Retrieving features of type [CoordSys] from Hat_Channel-3
2022-01-21 13:05:03,899 INFO  ExportHelperExtension.cs: 1136 - Found 41 in Hat_Channel-3
2022-01-21 13:05:03,899 INFO  ExportHelperExtension.cs: 1145 - Found 0 features of type [CoordSys] in Hat_Channel-3
2022-01-21 13:05:03,900 INFO  ExportHelperExtension.cs: 1125 - Retrieving features of type [CoordSys] from C_Slide_Track-6
2022-01-21 13:05:03,900 INFO  ExportHelperExtension.cs: 1136 - Found 31 in C_Slide_Track-6
2022-01-21 13:05:03,900 INFO  ExportHelperExtension.cs: 1145 - Found 0 features of type [CoordSys] in C_Slide_Track-6
2022-01-21 13:05:03,901 INFO  ExportHelperExtension.cs: 1125 - Retrieving features of type [RefAxis] from Boat_FINAL.SLDASM
2022-01-21 13:05:03,901 INFO  ExportHelperExtension.cs: 1136 - Found 171 in Boat_FINAL.SLDASM
2022-01-21 13:05:03,902 INFO  ExportHelperExtension.cs: 1145 - Found 0 features of type [RefAxis] in Boat_FINAL.SLDASM
2022-01-21 13:05:03,902 INFO  ExportHelperExtension.cs: 1148 - Proceeding through assembly components
2022-01-21 13:05:03,902 INFO  ExportHelperExtension.cs: 1160 - 34 components to check
2022-01-21 13:05:03,903 INFO  ExportHelperExtension.cs: 1125 - Retrieving features of type [RefAxis] from Pontoon-5
2022-01-21 13:05:03,903 INFO  ExportHelperExtension.cs: 1136 - Found 27 in Pontoon-5
2022-01-21 13:05:03,903 INFO  ExportHelperExtension.cs: 1145 - Found 0 features of type [RefAxis] in Pontoon-5
2022-01-21 13:05:03,904 INFO  ExportHelperExtension.cs: 1125 - Retrieving features of type [RefAxis] from Cone-1
2022-01-21 13:05:03,904 INFO  ExportHelperExtension.cs: 1136 - Found 30 in Cone-1
2022-01-21 13:05:03,905 INFO  ExportHelperExtension.cs: 1145 - Found 0 features of type [RefAxis] in Cone-1
2022-01-21 13:05:03,905 INFO  ExportHelperExtension.cs: 1125 - Retrieving features of type [RefAxis] from How_Tall_Pipe-3
2022-01-21 13:05:03,905 INFO  ExportHelperExtension.cs: 1136 - Found 25 in How_Tall_Pipe-3
2022-01-21 13:05:03,905 INFO  ExportHelperExtension.cs: 1145 - Found 0 features of type [RefAxis] in How_Tall_Pipe-3
2022-01-21 13:05:03,906 INFO  ExportHelperExtension.cs: 1125 - Retrieving features of type [RefAxis] from How_Tall_Pipe-4
2022-01-21 13:05:03,906 INFO  ExportHelperExtension.cs: 1136 - Found 25 in How_Tall_Pipe-4
2022-01-21 13:05:03,906 INFO  ExportHelperExtension.cs: 1145 - Found 0 features of type [RefAxis] in How_Tall_Pipe-4
2022-01-21 13:05:03,907 INFO  ExportHelperExtension.cs: 1125 - Retrieving features of type [RefAxis] from Pipe_Between-2
2022-01-21 13:05:03,907 INFO  ExportHelperExtension.cs: 1136 - Found 27 in Pipe_Between-2
2022-01-21 13:05:03,907 INFO  ExportHelperExtension.cs: 1145 - Found 0 features of type [RefAxis] in Pipe_Between-2
2022-01-21 13:05:03,908 INFO  ExportHelperExtension.cs: 1125 - Retrieving features of type [RefAxis] from How_Tall_Pipe-2
2022-01-21 13:05:03,908 INFO  ExportHelperExtension.cs: 1136 - Found 25 in How_Tall_Pipe-2
2022-01-21 13:05:03,908 INFO  ExportHelperExtension.cs: 1145 - Found 0 features of type [RefAxis] in How_Tall_Pipe-2
2022-01-21 13:05:03,909 INFO  ExportHelperExtension.cs: 1125 - Retrieving features of type [RefAxis] from 5_long_bends-6
2022-01-21 13:05:03,909 INFO  ExportHelperExtension.cs: 1136 - Found 27 in 5_long_bends-6
2022-01-21 13:05:03,909 INFO  ExportHelperExtension.cs: 1145 - Found 0 features of type [RefAxis] in 5_long_bends-6
2022-01-21 13:05:03,909 INFO  ExportHelperExtension.cs: 1125 - Retrieving features of type [RefAxis] from Pipe_Between-1
2022-01-21 13:05:03,910 INFO  ExportHelperExtension.cs: 1136 - Found 27 in Pipe_Between-1
2022-01-21 13:05:03,910 INFO  ExportHelperExtension.cs: 1145 - Found 0 features of type [RefAxis] in Pipe_Between-1
2022-01-21 13:05:03,910 INFO  ExportHelperExtension.cs: 1125 - Retrieving features of type [RefAxis] from small_pipes-3
2022-01-21 13:05:03,911 INFO  ExportHelperExtension.cs: 1136 - Found 25 in small_pipes-3
2022-01-21 13:05:03,911 INFO  ExportHelperExtension.cs: 1145 - Found 0 features of type [RefAxis] in small_pipes-3
2022-01-21 13:05:03,911 INFO  ExportHelperExtension.cs: 1125 - Retrieving features of type [RefAxis] from 5_long_bends-7
2022-01-21 13:05:03,912 INFO  ExportHelperExtension.cs: 1136 - Found 27 in 5_long_bends-7
2022-01-21 13:05:03,912 INFO  ExportHelperExtension.cs: 1145 - Found 0 features of type [RefAxis] in 5_long_bends-7
2022-01-21 13:05:03,912 INFO  ExportHelperExtension.cs: 1125 - Retrieving features of type [RefAxis] from End_Cap-2
2022-01-21 13:05:03,913 INFO  ExportHelperExtension.cs: 1136 - Found 37 in End_Cap-2
2022-01-21 13:05:03,913 INFO  ExportHelperExtension.cs: 1145 - Found 0 features of type [RefAxis] in End_Cap-2
2022-01-21 13:05:03,913 INFO  ExportHelperExtension.cs: 1125 - Retrieving features of type [RefAxis] from Fin-1
2022-01-21 13:05:03,914 INFO  ExportHelperExtension.cs: 1136 - Found 29 in Fin-1
2022-01-21 13:05:03,914 INFO  ExportHelperExtension.cs: 1145 - Found 0 features of type [RefAxis] in Fin-1
2022-01-21 13:05:03,914 INFO  ExportHelperExtension.cs: 1125 - Retrieving features of type [RefAxis] from Fin-2
2022-01-21 13:05:03,915 INFO  ExportHelperExtension.cs: 1136 - Found 29 in Fin-2
2022-01-21 13:05:03,915 INFO  ExportHelperExtension.cs: 1145 - Found 0 features of type [RefAxis] in Fin-2
2022-01-21 13:05:03,915 INFO  ExportHelperExtension.cs: 1125 - Retrieving features of type [RefAxis] from Fin_Support-2
2022-01-21 13:05:03,916 INFO  ExportHelperExtension.cs: 1136 - Found 27 in Fin_Support-2
2022-01-21 13:05:03,916 INFO  ExportHelperExtension.cs: 1145 - Found 0 features of type [RefAxis] in Fin_Support-2
2022-01-21 13:05:03,916 INFO  ExportHelperExtension.cs: 1125 - Retrieving features of type [RefAxis] from 5_long_bends-3
2022-01-21 13:05:03,917 INFO  ExportHelperExtension.cs: 1136 - Found 27 in 5_long_bends-3
2022-01-21 13:05:03,917 INFO  ExportHelperExtension.cs: 1145 - Found 0 features of type [RefAxis] in 5_long_bends-3
2022-01-21 13:05:03,917 INFO  ExportHelperExtension.cs: 1125 - Retrieving features of type [RefAxis] from Cone-2
2022-01-21 13:05:03,918 INFO  ExportHelperExtension.cs: 1136 - Found 30 in Cone-2
2022-01-21 13:05:03,918 INFO  ExportHelperExtension.cs: 1145 - Found 0 features of type [RefAxis] in Cone-2
2022-01-21 13:05:03,918 INFO  ExportHelperExtension.cs: 1125 - Retrieving features of type [RefAxis] from C_Slide_Track-5
2022-01-21 13:05:03,919 INFO  ExportHelperExtension.cs: 1136 - Found 31 in C_Slide_Track-5
2022-01-21 13:05:03,919 INFO  ExportHelperExtension.cs: 1145 - Found 0 features of type [RefAxis] in C_Slide_Track-5
2022-01-21 13:05:03,919 INFO  ExportHelperExtension.cs: 1125 - Retrieving features of type [RefAxis] from Pontoon-6
2022-01-21 13:05:03,920 INFO  ExportHelperExtension.cs: 1136 - Found 27 in Pontoon-6
2022-01-21 13:05:03,920 INFO  ExportHelperExtension.cs: 1145 - Found 0 features of type [RefAxis] in Pontoon-6
2022-01-21 13:05:03,920 INFO  ExportHelperExtension.cs: 1125 - Retrieving features of type [RefAxis] from Hat_Channel-2
2022-01-21 13:05:03,921 INFO  ExportHelperExtension.cs: 1136 - Found 41 in Hat_Channel-2
2022-01-21 13:05:03,921 INFO  ExportHelperExtension.cs: 1145 - Found 0 features of type [RefAxis] in Hat_Channel-2
2022-01-21 13:05:03,921 INFO  ExportHelperExtension.cs: 1125 - Retrieving features of type [RefAxis] from Boat_Deck-1
2022-01-21 13:05:03,922 INFO  ExportHelperExtension.cs: 1136 - Found 29 in Boat_Deck-1
2022-01-21 13:05:03,922 INFO  ExportHelperExtension.cs: 1145 - Found 0 features of type [RefAxis] in Boat_Deck-1
2022-01-21 13:05:03,922 INFO  ExportHelperExtension.cs: 1125 - Retrieving features of type [RefAxis] from Hat_Channel-4
2022-01-21 13:05:03,926 INFO  ExportHelperExtension.cs: 1136 - Found 41 in Hat_Channel-4
2022-01-21 13:05:03,927 INFO  ExportHelperExtension.cs: 1145 - Found 0 features of type [RefAxis] in Hat_Channel-4
2022-01-21 13:05:03,927 INFO  ExportHelperExtension.cs: 1125 - Retrieving features of type [RefAxis] from Hat_Channel-5
2022-01-21 13:05:03,927 INFO  ExportHelperExtension.cs: 1136 - Found 41 in Hat_Channel-5
2022-01-21 13:05:03,928 INFO  ExportHelperExtension.cs: 1145 - Found 0 features of type [RefAxis] in Hat_Channel-5
2022-01-21 13:05:03,928 INFO  ExportHelperExtension.cs: 1125 - Retrieving features of type [RefAxis] from How_Tall_Pipe-1
2022-01-21 13:05:03,928 INFO  ExportHelperExtension.cs: 1136 - Found 25 in How_Tall_Pipe-1
2022-01-21 13:05:03,928 INFO  ExportHelperExtension.cs: 1145 - Found 0 features of type [RefAxis] in How_Tall_Pipe-1
2022-01-21 13:05:03,929 INFO  ExportHelperExtension.cs: 1125 - Retrieving features of type [RefAxis] from Fin_Support-1
2022-01-21 13:05:03,940 INFO  ExportHelperExtension.cs: 1136 - Found 27 in Fin_Support-1
2022-01-21 13:05:03,941 INFO  ExportHelperExtension.cs: 1145 - Found 0 features of type [RefAxis] in Fin_Support-1
2022-01-21 13:05:03,941 INFO  ExportHelperExtension.cs: 1125 - Retrieving features of type [RefAxis] from Fin_Support-6
2022-01-21 13:05:03,942 INFO  ExportHelperExtension.cs: 1136 - Found 27 in Fin_Support-6
2022-01-21 13:05:03,942 INFO  ExportHelperExtension.cs: 1145 - Found 0 features of type [RefAxis] in Fin_Support-6
2022-01-21 13:05:03,942 INFO  ExportHelperExtension.cs: 1125 - Retrieving features of type [RefAxis] from Hat_Channel-1
2022-01-21 13:05:03,943 INFO  ExportHelperExtension.cs: 1136 - Found 41 in Hat_Channel-1
2022-01-21 13:05:03,943 INFO  ExportHelperExtension.cs: 1145 - Found 0 features of type [RefAxis] in Hat_Channel-1
2022-01-21 13:05:03,943 INFO  ExportHelperExtension.cs: 1125 - Retrieving features of type [RefAxis] from Fin_Support-5
2022-01-21 13:05:03,944 INFO  ExportHelperExtension.cs: 1136 - Found 27 in Fin_Support-5
2022-01-21 13:05:03,944 INFO  ExportHelperExtension.cs: 1145 - Found 0 features of type [RefAxis] in Fin_Support-5
2022-01-21 13:05:03,944 INFO  ExportHelperExtension.cs: 1125 - Retrieving features of type [RefAxis] from Boat_Top-1
2022-01-21 13:05:03,944 INFO  ExportHelperExtension.cs: 1136 - Found 33 in Boat_Top-1
2022-01-21 13:05:03,945 INFO  ExportHelperExtension.cs: 1145 - Found 0 features of type [RefAxis] in Boat_Top-1
2022-01-21 13:05:03,945 INFO  ExportHelperExtension.cs: 1125 - Retrieving features of type [RefAxis] from 5_long_bends-1
2022-01-21 13:05:03,946 INFO  ExportHelperExtension.cs: 1136 - Found 27 in 5_long_bends-1
2022-01-21 13:05:03,946 INFO  ExportHelperExtension.cs: 1145 - Found 0 features of type [RefAxis] in 5_long_bends-1
2022-01-21 13:05:03,946 INFO  ExportHelperExtension.cs: 1125 - Retrieving features of type [RefAxis] from End_Cap-1
2022-01-21 13:05:03,947 INFO  ExportHelperExtension.cs: 1136 - Found 37 in End_Cap-1
2022-01-21 13:05:03,947 INFO  ExportHelperExtension.cs: 1145 - Found 0 features of type [RefAxis] in End_Cap-1
2022-01-21 13:05:03,947 INFO  ExportHelperExtension.cs: 1125 - Retrieving features of type [RefAxis] from small_pipes-1
2022-01-21 13:05:03,948 INFO  ExportHelperExtension.cs: 1136 - Found 25 in small_pipes-1
2022-01-21 13:05:03,948 INFO  ExportHelperExtension.cs: 1145 - Found 0 features of type [RefAxis] in small_pipes-1
2022-01-21 13:05:03,948 INFO  ExportHelperExtension.cs: 1125 - Retrieving features of type [RefAxis] from Rubber_Seal-1
2022-01-21 13:05:03,949 INFO  ExportHelperExtension.cs: 1136 - Found 35 in Rubber_Seal-1
2022-01-21 13:05:03,949 INFO  ExportHelperExtension.cs: 1145 - Found 0 features of type [RefAxis] in Rubber_Seal-1
2022-01-21 13:05:03,949 INFO  ExportHelperExtension.cs: 1125 - Retrieving features of type [RefAxis] from Hat_Channel-3
2022-01-21 13:05:03,950 INFO  ExportHelperExtension.cs: 1136 - Found 41 in Hat_Channel-3
2022-01-21 13:05:03,950 INFO  ExportHelperExtension.cs: 1145 - Found 0 features of type [RefAxis] in Hat_Channel-3
2022-01-21 13:05:03,950 INFO  ExportHelperExtension.cs: 1125 - Retrieving features of type [RefAxis] from C_Slide_Track-6
2022-01-21 13:05:03,951 INFO  ExportHelperExtension.cs: 1136 - Found 31 in C_Slide_Track-6
2022-01-21 13:05:03,951 INFO  ExportHelperExtension.cs: 1145 - Found 0 features of type [RefAxis] in C_Slide_Track-6
2022-01-21 13:05:04,013 INFO  ExportPropertyManager.cs: 1142 - AfterClose called. This method no longer throws an Exception. It just silently does nothing. Ok, except for this logging message
2022-01-21 13:06:07,226 INFO  AssemblyExportForm.cs: 253 - Completing URDF export
2022-01-21 13:06:07,239 INFO  ConfigurationSerialization.cs: 276 - URDF Configuration found
<Link z:Id="i1" xmlns="http://schemas.datacontract.org/2004/07/SW2URDF" xmlns:i="http://www.w3.org/2001/XMLSchema-instance" xmlns:z="http://schemas.microsoft.com/2003/10/Serialization/"><Attributes><Attribute z:Id="i2"><AttributeType>name</AttributeType><IsRequired>true</IsRequired><Value i:type="a:string" xmlns:a="http://www.w3.org/2001/XMLSchema">Boathouse_sim</Value></Attribute></Attributes><ChildElements><URDFElement z:Id="i3" i:type="Inertial"><Attributes/><ChildElements><URDFElement z:Id="i4" i:type="Origin"><Attributes><Attribute z:Id="i5"><AttributeType>xyz</AttributeType><IsRequired>true</IsRequired><Value i:type="a:ArrayOfdouble" xmlns:a="http://schemas.microsoft.com/2003/10/Serialization/Arrays"><a:double>0</a:double><a:double>0</a:double><a:double>0</a:double></Value></Attribute><Attribute z:Id="i6"><AttributeType>rpy</AttributeType><IsRequired>true</IsRequired><Value i:type="a:ArrayOfdouble" xmlns:a="http://schemas.microsoft.com/2003/10/Serialization/Arrays"><a:double>0</a:double><a:double>0</a:double><a:double>0</a:double></Value></Attribute></Attributes><ChildElements/><ElementName>origin</ElementName><required>false</required><RPYAttribute z:Ref="i6"/><XYZAttribute z:Ref="i5"/><isCustomized>false</isCustomized></URDFElement><URDFElement z:Id="i7" i:type="Mass"><Attributes><Attribute z:Id="i8"><AttributeType>value</AttributeType><IsRequired>true</IsRequired><Value i:type="a:double" xmlns:a="http://www.w3.org/2001/XMLSchema">0</Value></Attribute></Attributes><ChildElements/><ElementName>mass</ElementName><required>false</required><ValueAttribute z:Ref="i8"/></URDFElement><URDFElement z:Id="i9" i:type="Inertia"><Attributes><Attribute z:Id="i10"><AttributeType>ixx</AttributeType><IsRequired>true</IsRequired><Value i:type="a:double" xmlns:a="http://www.w3.org/2001/XMLSchema">0</Value></Attribute><Attribute z:Id="i11"><AttributeType>ixy</AttributeType><IsRequired>true</IsRequired><Value i:type="a:double" xmlns:a="http://www.w3.org/2001/XMLSchema">0</Value></Attribute><Attribute z:Id="i12"><AttributeType>ixz</AttributeType><IsRequired>true</IsRequired><Value i:type="a:double" xmlns:a="http://www.w3.org/2001/XMLSchema">0</Value></Attribute><Attribute z:Id="i13"><AttributeType>iyy</AttributeType><IsRequired>true</IsRequired><Value i:type="a:double" xmlns:a="http://www.w3.org/2001/XMLSchema">0</Value></Attribute><Attribute z:Id="i14"><AttributeType>iyz</AttributeType><IsRequired>true</IsRequired><Value i:type="a:double" xmlns:a="http://www.w3.org/2001/XMLSchema">0</Value></Attribute><Attribute z:Id="i15"><AttributeType>izz</AttributeType><IsRequired>true</IsRequired><Value i:type="a:double" xmlns:a="http://www.w3.org/2001/XMLSchema">0</Value></Attribute></Attributes><ChildElements/><ElementName>inertia</ElementName><required>false</required><IxxAttribute z:Ref="i10"/><IxyAttribute z:Ref="i11"/><IxzAttribute z:Ref="i12"/><IyyAttribute z:Ref="i13"/><IyzAttribute z:Ref="i14"/><IzzAttribute z:Ref="i15"/></URDFElement></ChildElements><ElementName>inertial</ElementName><required>false</required><Inertia z:Ref="i9"/><Mass z:Ref="i7"/><Origin z:Ref="i4"/></URDFElement><URDFElement z:Id="i16" i:type="Visual"><Attributes/><ChildElements><URDFElement z:Id="i17" i:type="Origin"><Attributes><Attribute z:Id="i18"><AttributeType>xyz</AttributeType><IsRequired>true</IsRequired><Value i:type="a:ArrayOfdouble" xmlns:a="http://schemas.microsoft.com/2003/10/Serialization/Arrays"><a:double>0</a:double><a:double>0</a:double><a:double>0</a:double></Value></Attribute><Attribute z:Id="i19"><AttributeType>rpy</AttributeType><IsRequired>true</IsRequired><Value i:type="a:ArrayOfdouble" xmlns:a="http://schemas.microsoft.com/2003/10/Serialization/Arrays"><a:double>0</a:double><a:double>0</a:double><a:double>0</a:double></Value></Attribute></Attributes><ChildElements/><ElementName>origin</ElementName><required>false</required><RPYAttribute z:Ref="i19"/><XYZAttribute z:Ref="i18"/><isCustomized>false</isCustomized></URDFElement><URDFElement z:Id="i20" i:type="Geometry"><Attributes/><ChildElements><URDFElement z:Id="i21" i:type="Mesh"><Attributes><Attribute z:Id="i22"><AttributeType>filename</AttributeType><IsRequired>true</IsRequired><Value i:nil="true"/></Attribute></Attributes><ChildElements/><ElementName>mesh</ElementName><required>false</required><FilenameAttribute z:Ref="i22"/></URDFElement></ChildElements><ElementName>geometry</ElementName><required>true</required><Mesh z:Ref="i21"/></URDFElement><URDFElement z:Id="i23" i:type="Material"><Attributes><Attribute z:Id="i24"><AttributeType>name</AttributeType><IsRequired>true</IsRequired><Value i:type="a:string" xmlns:a="http://www.w3.org/2001/XMLSchema"/></Attribute></Attributes><ChildElements><URDFElement z:Id="i25" i:type="Color"><Attributes><Attribute z:Id="i26"><AttributeType>rgba</AttributeType><IsRequired>true</IsRequired><Value i:type="a:ArrayOfdouble" xmlns:a="http://schemas.microsoft.com/2003/10/Serialization/Arrays"><a:double>1</a:double><a:double>1</a:double><a:double>1</a:double><a:double>1</a:double></Value></Attribute></Attributes><ChildElements/><ElementName>color</ElementName><required>false</required><RGBAAttribute z:Ref="i26"/></URDFElement><URDFElement z:Id="i27" i:type="Texture"><Attributes><Attribute z:Id="i28"><AttributeType>filename</AttributeType><IsRequired>true</IsRequired><Value i:nil="true"/></Attribute></Attributes><ChildElements/><ElementName>texture</ElementName><required>false</required><FilenameAttribute z:Ref="i28"/><wFilename/></URDFElement></ChildElements><ElementName>material</ElementName><required>false</required><Color z:Ref="i25"/><NameAttribute z:Ref="i24"/><Texture z:Ref="i27"/></URDFElement></ChildElements><ElementName>visual</ElementName><required>false</required><Geometry z:Ref="i20"/><Material z:Ref="i23"/><Origin z:Ref="i17"/></URDFElement><URDFElement z:Id="i29" i:type="Collision"><Attributes/><ChildElements><URDFElement z:Id="i30" i:type="Origin"><Attributes><Attribute z:Id="i31"><AttributeType>xyz</AttributeType><IsRequired>true</IsRequired><Value i:type="a:ArrayOfdouble" xmlns:a="http://schemas.microsoft.com/2003/10/Serialization/Arrays"><a:double>0</a:double><a:double>0</a:double><a:double>0</a:double></Value></Attribute><Attribute z:Id="i32"><AttributeType>rpy</AttributeType><IsRequired>true</IsRequired><Value i:type="a:ArrayOfdouble" xmlns:a="http://schemas.microsoft.com/2003/10/Serialization/Arrays"><a:double>0</a:double><a:double>0</a:double><a:double>0</a:double></Value></Attribute></Attributes><ChildElements/><ElementName>origin</ElementName><required>false</required><RPYAttribute z:Ref="i32"/><XYZAttribute z:Ref="i31"/><isCustomized>false</isCustomized></URDFElement><URDFElement z:Id="i33" i:type="Geometry"><Attributes/><ChildElements><URDFElement z:Id="i34" i:type="Mesh"><Attributes><Attribute z:Id="i35"><AttributeType>filename</AttributeType><IsRequired>true</IsRequired><Value i:nil="true"/></Attribute></Attributes><ChildElements/><ElementName>mesh</ElementName><required>false</required><FilenameAttribute z:Ref="i35"/></URDFElement></ChildElements><ElementName>geometry</ElementName><required>true</required><Mesh z:Ref="i34"/></URDFElement></ChildElements><ElementName>collision</ElementName><required>false</required><Geometry z:Ref="i33"/><Origin z:Ref="i30"/></URDFElement><URDFElement z:Id="i36" i:type="Joint"><Attributes><Attribute z:Id="i37"><AttributeType>name</AttributeType><IsRequired>true</IsRequired><Value i:type="a:string" xmlns:a="http://www.w3.org/2001/XMLSchema"/></Attribute><Attribute z:Id="i38"><AttributeType>type</AttributeType><IsRequired>true</IsRequired><Value i:type="a:string" xmlns:a="http://www.w3.org/2001/XMLSchema"/></Attribute></Attributes><ChildElements><URDFElement z:Id="i39" i:type="Origin"><Attributes><Attribute z:Id="i40"><AttributeType>xyz</AttributeType><IsRequired>true</IsRequired><Value i:type="a:ArrayOfdouble" xmlns:a="http://schemas.microsoft.com/2003/10/Serialization/Arrays"><a:double>0</a:double><a:double>0</a:double><a:double>0</a:double></Value></Attribute><Attribute z:Id="i41"><AttributeType>rpy</AttributeType><IsRequired>true</IsRequired><Value i:type="a:ArrayOfdouble" xmlns:a="http://schemas.microsoft.com/2003/10/Serialization/Arrays"><a:double>0</a:double><a:double>0</a:double><a:double>0</a:double></Value></Attribute></Attributes><ChildElements/><ElementName>origin</ElementName><required>false</required><RPYAttribute z:Ref="i41"/><XYZAttribute z:Ref="i40"/><isCustomized>false</isCustomized></URDFElement><URDFElement z:Id="i42" i:type="ParentLink"><Attributes><Attribute z:Id="i43"><AttributeType>link</AttributeType><IsRequired>true</IsRequired><Value i:type="a:string" xmlns:a="http://www.w3.org/2001/XMLSchema"/></Attribute></Attributes><ChildElements/><ElementName>parent</ElementName><required>true</required><NameAttribute z:Ref="i43"/></URDFElement><URDFElement z:Id="i44" i:type="ChildLink"><Attributes><Attribute z:Id="i45"><AttributeType>link</AttributeType><IsRequired>true</IsRequired><Value i:type="a:string" xmlns:a="http://www.w3.org/2001/XMLSchema"/></Attribute></Attributes><ChildElements/><ElementName>child</ElementName><required>true</required><NameAttribute z:Ref="i45"/></URDFElement><URDFElement z:Id="i46" i:type="Axis"><Attributes><Attribute z:Id="i47"><AttributeType>xyz</AttributeType><IsRequired>true</IsRequired><Value i:type="a:ArrayOfdouble" xmlns:a="http://schemas.microsoft.com/2003/10/Serialization/Arrays"><a:double>0</a:double><a:double>0</a:double><a:double>0</a:double></Value></Attribute></Attributes><ChildElements/><ElementName>axis</ElementName><required>false</required><XYZAttribute z:Ref="i47"/></URDFElement><URDFElement z:Id="i48" i:type="Limit"><Attributes><Attribute z:Id="i49"><AttributeType>lower</AttributeType><IsRequired>false</IsRequired><Value i:nil="true"/></Attribute><Attribute z:Id="i50"><AttributeType>upper</AttributeType><IsRequired>false</IsRequired><Value i:nil="true"/></Attribute><Attribute z:Id="i51"><AttributeType>effort</AttributeType><IsRequired>true</IsRequired><Value i:nil="true"/></Attribute><Attribute z:Id="i52"><AttributeType>velocity</AttributeType><IsRequired>true</IsRequired><Value i:nil="true"/></Attribute></Attributes><ChildElements/><ElementName>limit</ElementName><required>false</required><EffortAttribute z:Ref="i51"/><LowerAttribute z:Ref="i49"/><UpperAttribute z:Ref="i50"/><VelocityAttribute z:Ref="i52"/></URDFElement><URDFElement z:Id="i53" i:type="Calibration"><Attributes><Attribute z:Id="i54"><AttributeType>rising</AttributeType><IsRequired>false</IsRequired><Value i:nil="true"/></Attribute><Attribute z:Id="i55"><AttributeType>falling</AttributeType><IsRequired>false</IsRequired><Value i:nil="true"/></Attribute></Attributes><ChildElements/><ElementName>calibration</ElementName><required>false</required><FallingAttribute z:Ref="i55"/><RisingAttribute z:Ref="i54"/></URDFElement><URDFElement z:Id="i56" i:type="Dynamics"><Attributes><Attribute z:Id="i57"><AttributeType>damping</AttributeType><IsRequired>false</IsRequired><Value i:nil="true"/></Attribute><Attribute z:Id="i58"><AttributeType>friction</AttributeType><IsRequired>false</IsRequired><Value i:nil="true"/></Attribute></Attributes><ChildElements/><ElementName>dynamics</ElementName><required>false</required><DampingAttribute z:Ref="i57"/><FrictionAttribute z:Ref="i58"/></URDFElement><URDFElement z:Id="i59" i:type="SafetyController"><Attributes><Attribute z:Id="i60"><AttributeType>soft_upper</AttributeType><IsRequired>false</IsRequired><Value i:nil="true"/></Attribute><Attribute z:Id="i61"><AttributeType>soft_lower</AttributeType><IsRequired>false</IsRequired><Value i:nil="true"/></Attribute><Attribute z:Id="i62"><AttributeType>k_position</AttributeType><IsRequired>false</IsRequired><Value i:nil="true"/></Attribute><Attribute z:Id="i63"><AttributeType>k_velocity</AttributeType><IsRequired>true</IsRequired><Value i:nil="true"/></Attribute></Attributes><ChildElements/><ElementName>safety_controller</ElementName><required>false</required><KPositionAttribute z:Ref="i62"/><KVelocityAttribute z:Ref="i63"/><SoftLowerAttribute z:Ref="i61"/><SoftUpperAttribute z:Ref="i60"/></URDFElement><URDFElement z:Id="i64" i:type="Mimic"><Attributes><Attribute z:Id="i65"><AttributeType>joint</AttributeType><IsRequired>true</IsRequired><Value i:nil="true"/></Attribute><Attribute z:Id="i66"><AttributeType>multiplier</AttributeType><IsRequired>false</IsRequired><Value i:nil="true"/></Attribute><Attribute z:Id="i67"><AttributeType>offset</AttributeType><IsRequired>false</IsRequired><Value i:nil="true"/></Attribute></Attributes><ChildElements/><ElementName>mimic</ElementName><required>false</required><JointNameAttribute z:Ref="i65"/><MultiplierAttribute z:Ref="i66"/><OffsetAttribute z:Ref="i67"/></URDFElement></ChildElements><ElementName>joint</ElementName><required>false</required><Axis z:Ref="i46"/><AxisName/><Calibration z:Ref="i53"/><Child z:Ref="i44"/><CoordinateSystemName>Coordinate System1</CoordinateSystemName><Dynamics z:Ref="i56"/><Limit z:Ref="i48"/><Mimic z:Ref="i64"/><NameAttribute z:Ref="i37"/><Origin z:Ref="i39"/><Parent z:Ref="i42"/><Safety z:Ref="i59"/><TypeAttribute z:Ref="i38"/></URDFElement></ChildElements><ElementName>link</ElementName><required>true</required><Children/><Collision z:Ref="i29"/><Inertial z:Ref="i3"/><Joint z:Ref="i36"/><NameAttribute z:Ref="i2"/><Parent i:nil="true"/><STLQualityFine>false</STLQualityFine><SWComponentPIDs xmlns:a="http://schemas.microsoft.com/2003/10/Serialization/Arrays"><a:base64Binary>yDIAAAUAAAD//v8aQwBfAFMAbABpAGQAZQBfAFQAcgBhAGMAawAtADYAQABCAG8AYQB0AF8ARgBJAE4AQQBMAAQAAAAQAAAAAQAAAAEAAACwAAAA</a:base64Binary><a:base64Binary>yDIAAAUAAAD//v8YSABhAHQAXwBDAGgAYQBuAG4AZQBsAC0AMwBAAEIAbwBhAHQAXwBGAEkATgBBAEwABAAAABAAAAABAAAAAQAAAHQAAAA=</a:base64Binary><a:base64Binary>yDIAAAUAAAD//v8YUgB1AGIAYgBlAHIAXwBTAGUAYQBsAC0AMQBAAEIAbwBhAHQAXwBGAEkATgBBAEwABAAAABAAAAABAAAAAQAAALIBAAA=</a:base64Binary><a:base64Binary>yDIAAAUAAAD//v8YcwBtAGEAbABsAF8AcABpAHAAZQBzAC0AMQBAAEIAbwBhAHQAXwBGAEkATgBBAEwABAAAABAAAAABAAAAAQAAAN4CAAA=</a:base64Binary><a:base64Binary>yDIAAAUAAAD//v8URQBuAGQAXwBDAGEAcAAtADEAQABCAG8AYQB0AF8ARgBJAE4AQQBMAAQAAAAQAAAAAQAAAAEAAABDAQAA</a:base64Binary><a:base64Binary>yDIAAAUAAAD//v8ZNQBfAGwAbwBuAGcAXwBiAGUAbgBkAHMALQAxAEAAQgBvAGEAdABfAEYASQBOAEEATAAEAAAAEAAAAAEAAAABAAAA3wIAAA==</a:base64Binary><a:base64Binary>yDIAAAUAAAD//v8VQgBvAGEAdABfAFQAbwBwAC0AMQBAAEIAbwBhAHQAXwBGAEkATgBBAEwABAAAABAAAAABAAAAAQAAAK4BAAA=</a:base64Binary><a:base64Binary>yDIAAAUAAAD//v8YRgBpAG4AXwBTAHUAcABwAG8AcgB0AC0ANQBAAEIAbwBhAHQAXwBGAEkATgBBAEwABAAAABAAAAABAAAAAQAAAIwBAAA=</a:base64Binary><a:base64Binary>yDIAAAUAAAD//v8YSABhAHQAXwBDAGgAYQBuAG4AZQBsAC0AMQBAAEIAbwBhAHQAXwBGAEkATgBBAEwABAAAABAAAAABAAAAAQAAAGoAAAA=</a:base64Binary><a:base64Binary>yDIAAAUAAAD//v8YRgBpAG4AXwBTAHUAcABwAG8AcgB0AC0ANgBAAEIAbwBhAHQAXwBGAEkATgBBAEwABAAAABAAAAABAAAAAQAAAI0BAAA=</a:base64Binary><a:base64Binary>yDIAAAUAAAD//v8YRgBpAG4AXwBTAHUAcABwAG8AcgB0AC0AMQBAAEIAbwBhAHQAXwBGAEkATgBBAEwABAAAABAAAAABAAAAAQAAAHMBAAA=</a:base64Binary><a:base64Binary>yDIAAAUAAAD//v8aSABvAHcAXwBUAGEAbABsAF8AUABpAHAAZQAtADEAQABCAG8AYQB0AF8ARgBJAE4AQQBMAAQAAAAQAAAAAQAAAAEAAAD6AgAA</a:base64Binary><a:base64Binary>yDIAAAUAAAD//v8YSABhAHQAXwBDAGgAYQBuAG4AZQBsAC0ANQBAAEIAbwBhAHQAXwBGAEkATgBBAEwABAAAABAAAAABAAAAAQAAAHYAAAA=</a:base64Binary><a:base64Binary>yDIAAAUAAAD//v8YSABhAHQAXwBDAGgAYQBuAG4AZQBsAC0ANABAAEIAbwBhAHQAXwBGAEkATgBBAEwABAAAABAAAAABAAAAAQAAAHUAAAA=</a:base64Binary><a:base64Binary>yDIAAAUAAAD//v8WQgBvAGEAdABfAEQAZQBjAGsALQAxAEAAQgBvAGEAdABfAEYASQBOAEEATAAEAAAAEAAAAAEAAAABAAAAaQAAAA==</a:base64Binary><a:base64Binary>yDIAAAUAAAD//v8YSABhAHQAXwBDAGgAYQBuAG4AZQBsAC0AMgBAAEIAbwBhAHQAXwBGAEkATgBBAEwABAAAABAAAAABAAAAAQAAAHAAAAA=</a:base64Binary><a:base64Binary>yDIAAAUAAAD//v8UUABvAG4AdABvAG8AbgAtADYAQABCAG8AYQB0AF8ARgBJAE4AQQBMAAQAAAAQAAAAAQAAAAEAAACxAAAA</a:base64Binary><a:base64Binary>yDIAAAUAAAD//v8aQwBfAFMAbABpAGQAZQBfAFQAcgBhAGMAawAtADUAQABCAG8AYQB0AF8ARgBJAE4AQQBMAAQAAAAQAAAAAQAAAAEAAABgAAAA</a:base64Binary><a:base64Binary>yDIAAAUAAAD//v8RQwBvAG4AZQAtADIAQABCAG8AYQB0AF8ARgBJAE4AQQBMAAQAAAAQAAAAAQAAAAEAAACyAAAA</a:base64Binary><a:base64Binary>yDIAAAUAAAD//v8ZNQBfAGwAbwBuAGcAXwBiAGUAbgBkAHMALQAzAEAAQgBvAGEAdABfAEYASQBOAEEATAAEAAAAEAAAAAEAAAABAAAA6gIAAA==</a:base64Binary><a:base64Binary>yDIAAAUAAAD//v8YRgBpAG4AXwBTAHUAcABwAG8AcgB0AC0AMgBAAEIAbwBhAHQAXwBGAEkATgBBAEwABAAAABAAAAABAAAAAQAAAHQBAAA=</a:base64Binary><a:base64Binary>yDIAAAUAAAD//v8QRgBpAG4ALQAyAEAAQgBvAGEAdABfAEYASQBOAEEATAAEAAAAEAAAAAEAAAABAAAATgEAAA==</a:base64Binary><a:base64Binary>yDIAAAUAAAD//v8QRgBpAG4ALQAxAEAAQgBvAGEAdABfAEYASQBOAEEATAAEAAAAEAAAAAEAAAABAAAASwEAAA==</a:base64Binary><a:base64Binary>yDIAAAUAAAD//v8URQBuAGQAXwBDAGEAcAAtADIAQABCAG8AYQB0AF8ARgBJAE4AQQBMAAQAAAAQAAAAAQAAAAEAAABGAQAA</a:base64Binary><a:base64Binary>yDIAAAUAAAD//v8ZNQBfAGwAbwBuAGcAXwBiAGUAbgBkAHMALQA3AEAAQgBvAGEAdABfAEYASQBOAEEATAAEAAAAEAAAAAEAAAABAAAADQMAAA==</a:base64Binary><a:base64Binary>yDIAAAUAAAD//v8YcwBtAGEAbABsAF8AcABpAHAAZQBzAC0AMwBAAEIAbwBhAHQAXwBGAEkATgBBAEwABAAAABAAAAABAAAAAQAAAA4DAAA=</a:base64Binary><a:base64Binary>yDIAAAUAAAD//v8ZUABpAHAAZQBfAEIAZQB0AHcAZQBlAG4ALQAxAEAAQgBvAGEAdABfAEYASQBOAEEATAAEAAAAEAAAAAEAAAABAAAALQMAAA==</a:base64Binary><a:base64Binary>yDIAAAUAAAD//v8ZNQBfAGwAbwBuAGcAXwBiAGUAbgBkAHMALQA2AEAAQgBvAGEAdABfAEYASQBOAEEATAAEAAAAEAAAAAEAAAABAAAADAMAAA==</a:base64Binary><a:base64Binary>yDIAAAUAAAD//v8aSABvAHcAXwBUAGEAbABsAF8AUABpAHAAZQAtADIAQABCAG8AYQB0AF8ARgBJAE4AQQBMAAQAAAAQAAAAAQAAAAEAAAACAwAA</a:base64Binary><a:base64Binary>yDIAAAUAAAD//v8ZUABpAHAAZQBfAEIAZQB0AHcAZQBlAG4ALQAyAEAAQgBvAGEAdABfAEYASQBOAEEATAAEAAAAEAAAAAEAAAABAAAANQMAAA==</a:base64Binary><a:base64Binary>yDIAAAUAAAD//v8aSABvAHcAXwBUAGEAbABsAF8AUABpAHAAZQAtADQAQABCAG8AYQB0AF8ARgBJAE4AQQBMAAQAAAAQAAAAAQAAAAEAAAALAwAA</a:base64Binary><a:base64Binary>yDIAAAUAAAD//v8aSABvAHcAXwBUAGEAbABsAF8AUABpAHAAZQAtADMAQABCAG8AYQB0AF8ARgBJAE4AQQBMAAQAAAAQAAAAAQAAAAEAAAAKAwAA</a:base64Binary><a:base64Binary>yDIAAAUAAAD//v8RQwBvAG4AZQAtADEAQABCAG8AYQB0AF8ARgBJAE4AQQBMAAQAAAAQAAAAAQAAAAEAAABVAAAA</a:base64Binary><a:base64Binary>yDIAAAUAAAD//v8UUABvAG4AdABvAG8AbgAtADUAQABCAG8AYQB0AF8ARgBJAE4AQQBMAAQAAAAQAAAAAQAAAAEAAABWAAAA</a:base64Binary></SWComponentPIDs><SWMainComponentPID i:nil="true"/><Visual z:Ref="i16"/><isFixedFrame>false</isFixedFrame><isIncomplete>false</isIncomplete></Link>
2022-01-21 13:06:46,834 INFO  AssemblyExportForm.cs: 309 - Saving URDF package to C:\Users\Owner\Desktop\boat_import
2022-01-21 13:06:46,837 INFO  ExportHelper.cs: 147 - Beginning the export process
2022-01-21 13:06:46,839 INFO  ExportHelper.cs: 153 - Creating package directories with name boat_import and save path C:\Users\Owner\Desktop
2022-01-21 13:06:51,202 INFO  ExportHelper.cs: 162 - Creating CMakeLists.txt at C:\Users\Owner\Desktop\boat_import\CMakeLists.txt
2022-01-21 13:06:51,204 INFO  ExportHelper.cs: 166 - Creating joint names config at C:\Users\Owner\Desktop\boat_import\config\joint_names_boat_import.yaml
2022-01-21 13:06:51,206 INFO  ExportHelper.cs: 170 - Creating package.xml at C:\Users\Owner\Desktop\boat_import\package.xml
2022-01-21 13:06:51,207 INFO  PackageXMLWriter.cs: 21 - Creating package.xml at C:\Users\Owner\Desktop\boat_import\package.xml
2022-01-21 13:06:51,210 INFO  ExportHelper.cs: 177 - Creating RVIZ launch file in C:\Users\Owner\Desktop\boat_import\launch\
2022-01-21 13:06:51,212 INFO  ExportHelper.cs: 182 - Creating Gazebo launch file in C:\Users\Owner\Desktop\boat_import\launch\
2022-01-21 13:06:51,213 INFO  ExportHelper.cs: 187 - Saving existing STL preferences
2022-01-21 13:06:51,213 INFO  ExportHelper.cs: 450 - Saving users preferences
2022-01-21 13:06:51,214 INFO  ExportHelper.cs: 190 - Modifying STL preferences
2022-01-21 13:06:51,215 INFO  ExportHelper.cs: 464 - Setting STL preferences
2022-01-21 13:06:51,220 INFO  ExportHelper.cs: 196 - Found 0 hidden components 
2022-01-21 13:06:51,221 INFO  ExportHelper.cs: 197 - Hiding all components
2022-01-21 13:06:51,538 INFO  ExportHelper.cs: 204 - Beginning individual files export
2022-01-21 13:06:51,541 INFO  ExportHelper.cs: 270 - Exporting link: Boathouse_sim
2022-01-21 13:06:51,541 INFO  ExportHelper.cs: 272 - Link Boathouse_sim has 0 children
2022-01-21 13:06:51,542 INFO  ExportHelper.cs: 317 - Boathouse_sim: Exporting STL with coordinate frame Coordinate System1
2022-01-21 13:06:51,543 INFO  ExportHelper.cs: 322 - Boathouse_sim: Reference geometry name 
2022-01-21 13:06:52,050 INFO  ExportHelper.cs: 330 - Saving STL to C:\Users\Owner\Desktop\boat_import\meshes\Boathouse_sim.STL
2022-01-21 13:06:54,083 INFO  ExportHelper.cs: 405 - Removing SW header in STL file
2022-01-21 13:06:54,084 INFO  ExportHelper.cs: 145 - Showing all components except previously hidden components
2022-01-21 13:06:54,673 INFO  ExportHelper.cs: 145 - Resetting STL preferences
2022-01-21 13:06:54,674 INFO  ExportHelper.cs: 478 - Returning STL preferences to user preferences
2022-01-21 13:06:54,674 INFO  ExportHelper.cs: 228 - Writing URDF file to C:\Users\Owner\Desktop\boat_import\urdf\boat_import.urdf
2022-01-21 13:06:54,684 INFO  CSVImportExport.cs: 32 - Writing CSV file C:\Users\Owner\Desktop\boat_import\urdf\boat_import.csv
2022-01-21 13:06:54,705 ERROR CSVImportExport.cs: 130 - The following columns were not written to the CSV: Link.Joint.ChildLink.link,
2022-01-21 13:06:54,706 INFO  ExportHelper.cs: 234 - Copying log file
2022-01-21 13:06:54,709 INFO  ExportHelper.cs: 439 - Copying C:\Users\Owner\sw2urdf_logs\sw2urdf.log to C:\Users\Owner\Desktop\boat_import\export.log
